#
# There is insufficient memory for the Java Runtime Environment to continue.
# Native memory allocation (malloc) failed to allocate 402896 bytes for Chunk::new
# Possible reasons:
#   The system is out of physical RAM or swap space
#   In 32 bit mode, the process size limit was hit
# Possible solutions:
#   Reduce memory load on the system
#   Increase physical memory or swap space
#   Check if swap backing store is full
#   Use 64 bit Java on a 64 bit OS
#   Decrease Java heap size (-Xmx/-Xms)
#   Decrease number of Java threads
#   Decrease Java thread stack sizes (-Xss)
#   Set larger code cache with -XX:ReservedCodeCacheSize=
# This output file may be truncated or incomplete.
#
#  Out of Memory Error (allocation.cpp:390), pid=30692, tid=0x0000000000003b10
#
# JRE version: OpenJDK Runtime Environment (8.0_152-b01) (build 1.8.0_152-release-915-b01)
# Java VM: OpenJDK 64-Bit Server VM (25.152-b01 mixed mode windows-amd64 compressed oops)
# Failed to write core dump. Minidumps are not enabled by default on client versions of Windows
#

---------------  T H R E A D  ---------------

Current thread (0x000000001c96e800):  JavaThread "C2 CompilerThread1" daemon [_thread_in_native, id=15120, stack(0x000000001e560000,0x000000001e660000)]

Stack: [0x000000001e560000,0x000000001e660000]
[error occurred during error reporting (printing stack bounds), id 0xc0000005]

Native frames: (J=compiled Java code, j=interpreted, Vv=VM code, C=native code)


Current CompileTask:
C2:   1429 1171       4       com.android.dx.ssa.DeadCodeRemover::isCircularNoSideEffect (140 bytes)


---------------  P R O C E S S  ---------------

Java Threads: ( => current thread )
  0x000000001dec5800 JavaThread "Service Thread" daemon [_thread_blocked, id=26344, stack(0x000000001e760000,0x000000001e860000)]
  0x000000001deb9000 JavaThread "C1 CompilerThread2" daemon [_thread_in_native, id=29076, stack(0x000000001e660000,0x000000001e760000)]
=>0x000000001c96e800 JavaThread "C2 CompilerThread1" daemon [_thread_in_native, id=15120, stack(0x000000001e560000,0x000000001e660000)]
  0x000000001c96c000 JavaThread "C2 CompilerThread0" daemon [_thread_in_native, id=28596, stack(0x000000001e460000,0x000000001e560000)]
  0x000000001c96a000 JavaThread "Attach Listener" daemon [_thread_blocked, id=18576, stack(0x000000001e360000,0x000000001e460000)]
  0x000000001c91f800 JavaThread "Signal Dispatcher" daemon [_thread_blocked, id=28208, stack(0x000000001e260000,0x000000001e360000)]
  0x000000001c8f8000 JavaThread "Finalizer" daemon [_thread_blocked, id=30536, stack(0x000000001db70000,0x000000001dc70000)]
  0x0000000003233000 JavaThread "Reference Handler" daemon [_thread_blocked, id=30548, stack(0x000000001da70000,0x000000001db70000)]
  0x0000000003142800 JavaThread "main" [_thread_in_Java, id=30624, stack(0x0000000002ba0000,0x0000000002ca0000)]

Other Threads:
  0x000000001c8d6000 VMThread [stack: 0x000000001d970000,0x000000001da70000] [id=30256]
  0x000000001dec6800 WatcherThread [stack: 0x000000001e860000,0x000000001e960000] [id=1132]

VM state:not at safepoint (normal execution)

VM Mutex/Monitor currently owned by a thread: None

Heap:
 PSYoungGen      total 38400K, used 14940K [0x000000076ab00000, 0x000000076d580000, 0x00000007c0000000)
  eden space 33280K, 29% used [0x000000076ab00000,0x000000076b499278,0x000000076cb80000)
  from space 5120K, 99% used [0x000000076cb80000,0x000000076d07e078,0x000000076d080000)
  to   space 5120K, 0% used [0x000000076d080000,0x000000076d080000,0x000000076d580000)
 ParOldGen       total 87552K, used 1666K [0x00000006c0000000, 0x00000006c5580000, 0x000000076ab00000)
  object space 87552K, 1% used [0x00000006c0000000,0x00000006c01a0968,0x00000006c5580000)
 Metaspace       used 6177K, capacity 7024K, committed 7296K, reserved 1056768K
  class space    used 597K, capacity 616K, committed 640K, reserved 1048576K

Card table byte_map: [0x0000000012600000,0x0000000012e10000] byte_map_base: 0x000000000f000000

Marking Bits: (ParMarkBitMap*) 0x0000000064fe3950
 Begin Bits: [0x0000000013770000, 0x0000000017770000)
 End Bits:   [0x0000000017770000, 0x000000001b770000)

Polling page: 0x0000000001160000

CodeCache: size=245760Kb used=4984Kb max_used=4994Kb free=240775Kb
 bounds [0x0000000003240000, 0x0000000003730000, 0x0000000012240000]
 total_blobs=1475 nmethods=1203 adapters=186
 compilation: enabled

Compilation events (10 events):
Event: 1.416 Thread 0x000000001c96c000 1160       4       com.android.dx.dex.code.OutputFinisher::updateInfo (44 bytes)
Event: 1.420 Thread 0x000000001c96c000 nmethod 1160 0x00000000037209d0 code [0x0000000003720b40, 0x0000000003720d88]
Event: 1.421 Thread 0x000000001c96c000 1149       4       java.util.Collections$UnmodifiableCollection::iterator (9 bytes)
Event: 1.423 Thread 0x000000001deb9000 1204       3       com.android.dx.util.Bits::isEmpty (26 bytes)
Event: 1.423 Thread 0x000000001deb9000 nmethod 1204 0x0000000003705250 code [0x00000000037053c0, 0x0000000003705610]
Event: 1.425 Thread 0x000000001c96c000 nmethod 1149 0x0000000003721050 code [0x00000000037211c0, 0x0000000003721498]
Event: 1.425 Thread 0x000000001c96c000 1205       4       com.android.dx.rop.code.PlainInsn::withNewRegisters (18 bytes)
Event: 1.426 Thread 0x000000001deb9000 1208       1       com.android.dx.cf.attrib.BaseLocalVariables::getLocalVariables (5 bytes)
Event: 1.426 Thread 0x000000001deb9000 nmethod 1208 0x0000000003704cd0 code [0x0000000003704e20, 0x0000000003704f30]
Event: 1.427 Thread 0x000000001deb9000 1212       3       com.android.dx.dex.cf.AttributeTranslator::getExceptions (32 bytes)

GC Heap History (2 events):
Event: 1.302 GC heap before
{Heap before GC invocations=1 (full 0):
 PSYoungGen      total 38400K, used 33280K [0x000000076ab00000, 0x000000076d580000, 0x00000007c0000000)
  eden space 33280K, 100% used [0x000000076ab00000,0x000000076cb80000,0x000000076cb80000)
  from space 5120K, 0% used [0x000000076d080000,0x000000076d080000,0x000000076d580000)
  to   space 5120K, 0% used [0x000000076cb80000,0x000000076cb80000,0x000000076d080000)
 ParOldGen       total 87552K, used 0K [0x00000006c0000000, 0x00000006c5580000, 0x000000076ab00000)
  object space 87552K, 0% used [0x00000006c0000000,0x00000006c0000000,0x00000006c5580000)
 Metaspace       used 6105K, capacity 6960K, committed 7040K, reserved 1056768K
  class space    used 597K, capacity 616K, committed 640K, reserved 1048576K
Event: 1.313 GC heap after
Heap after GC invocations=1 (full 0):
 PSYoungGen      total 38400K, used 5112K [0x000000076ab00000, 0x000000076d580000, 0x00000007c0000000)
  eden space 33280K, 0% used [0x000000076ab00000,0x000000076ab00000,0x000000076cb80000)
  from space 5120K, 99% used [0x000000076cb80000,0x000000076d07e078,0x000000076d080000)
  to   space 5120K, 0% used [0x000000076d080000,0x000000076d080000,0x000000076d580000)
 ParOldGen       total 87552K, used 1666K [0x00000006c0000000, 0x00000006c5580000, 0x000000076ab00000)
  object space 87552K, 1% used [0x00000006c0000000,0x00000006c01a0968,0x00000006c5580000)
 Metaspace       used 6105K, capacity 6960K, committed 7040K, reserved 1056768K
  class space    used 597K, capacity 616K, committed 640K, reserved 1048576K
}

Deoptimization events (10 events):
Event: 1.002 Thread 0x000000001dffc800 Uncommon trap: reason=null_check action=make_not_entrant pc=0x000000000352d610 method=com.android.dx.ssa.SsaRenamer.getLocalForNewReg(I)Lcom/android/dx/rop/code/LocalItem; @ 19
Event: 1.004 Thread 0x0000000003142800 Uncommon trap: reason=class_check action=maybe_recompile pc=0x0000000003484b70 method=com.android.dx.ssa.NormalSsaInsn.accept(Lcom/android/dx/ssa/SsaInsn$Visitor;)V @ 9
Event: 1.005 Thread 0x0000000003142800 Uncommon trap: reason=class_check action=maybe_recompile pc=0x0000000003484b70 method=com.android.dx.ssa.NormalSsaInsn.accept(Lcom/android/dx/ssa/SsaInsn$Visitor;)V @ 9
Event: 1.005 Thread 0x0000000003142800 Uncommon trap: reason=class_check action=maybe_recompile pc=0x0000000003484b70 method=com.android.dx.ssa.NormalSsaInsn.accept(Lcom/android/dx/ssa/SsaInsn$Visitor;)V @ 9
Event: 1.005 Thread 0x0000000003142800 Uncommon trap: reason=class_check action=maybe_recompile pc=0x0000000003484b70 method=com.android.dx.ssa.NormalSsaInsn.accept(Lcom/android/dx/ssa/SsaInsn$Visitor;)V @ 9
Event: 1.019 Thread 0x0000000003142800 Uncommon trap: reason=unstable_if action=reinterpret pc=0x000000000353e020 method=com.android.dx.rop.code.RegisterSpec.equals(ILcom/android/dx/rop/type/TypeBearer;Lcom/android/dx/rop/code/LocalItem;)Z @ 42
Event: 1.131 Thread 0x000000001dffb800 Uncommon trap: reason=class_check action=maybe_recompile pc=0x000000000359f8c0 method=com.android.dx.ssa.NormalSsaInsn.accept(Lcom/android/dx/ssa/SsaInsn$Visitor;)V @ 9
Event: 1.142 Thread 0x000000001dff7000 Uncommon trap: reason=unstable_if action=reinterpret pc=0x0000000003570da8 method=com.android.dx.ssa.SsaRenamer$BlockRenamer.addMapping(ILcom/android/dx/rop/code/RegisterSpec;)V @ 120
Event: 1.232 Thread 0x000000001dffb800 Uncommon trap: reason=unstable_if action=reinterpret pc=0x000000000368405c method=com.android.dx.rop.code.RegisterSpecSet.put(Lcom/android/dx/rop/code/RegisterSpec;)V @ 77
Event: 1.232 Thread 0x000000001dffb800 Uncommon trap: reason=unstable_if action=reinterpret pc=0x0000000003544ff0 method=com.android.dx.rop.code.RegisterSpecSet.put(Lcom/android/dx/rop/code/RegisterSpec;)V @ 77

Classes redefined (0 events):
No events

Internal exceptions (3 events):
Event: 0.118 Thread 0x0000000003142800 Exception <a 'java/lang/NoSuchMethodError': Method sun.misc.Unsafe.defineClass(Ljava/lang/String;[BII)Ljava/lang/Class; name or signature does not match> (0x000000076ab07ca8) thrown at [D:\src\AOSP-openjdk-cygwin\jdk8u\hotspot\src\share\vm\prims\jni.cpp, 
Event: 0.118 Thread 0x0000000003142800 Exception <a 'java/lang/NoSuchMethodError': Method sun.misc.Unsafe.prefetchRead(Ljava/lang/Object;J)V name or signature does not match> (0x000000076ab07f90) thrown at [D:\src\AOSP-openjdk-cygwin\jdk8u\hotspot\src\share\vm\prims\jni.cpp, line 4011]
Event: 1.002 Thread 0x000000001dffc800 Implicit null exception at 0x000000000352ab9d to 0x000000000352d5c5

Events (10 events):
Event: 1.232 Thread 0x000000001dffb800 DEOPT PACKING pc=0x000000000368405c sp=0x000000001ec5e780
Event: 1.232 Thread 0x000000001dffb800 DEOPT UNPACKING pc=0x000000000328556a sp=0x000000001ec5e708 mode 2
Event: 1.232 Thread 0x000000001dffb800 Uncommon trap: trap_request=0xffffff65 fr.pc=0x0000000003544ff0
Event: 1.232 Thread 0x000000001dffb800 DEOPT PACKING pc=0x0000000003544ff0 sp=0x000000001ec5e770
Event: 1.232 Thread 0x000000001dffb800 DEOPT UNPACKING pc=0x000000000328556a sp=0x000000001ec5e690 mode 2
Event: 1.298 Executing VM operation: ParallelGCFailedAllocation
Event: 1.313 Executing VM operation: ParallelGCFailedAllocation done
Event: 1.321 Thread 0x000000001dffb800 Thread exited: 0x000000001dffb800
Event: 1.356 Thread 0x000000001dffe000 Thread exited: 0x000000001dffe000
Event: 1.410 Thread 0x000000001dffc800 Thread exited: 0x000000001dffc800


Dynamic libraries:
0x00007ff692ed0000 - 0x00007ff692f01000 	C:\software\Android\Android Studio\jre\bin\java.exe
0x00007ffa07650000 - 0x00007ffa0782b000 	C:\WINDOWS\SYSTEM32\ntdll.dll
0x00007ffa06830000 - 0x00007ffa068de000 	C:\WINDOWS\System32\KERNEL32.DLL
0x00007ffa03fe0000 - 0x00007ffa04229000 	C:\WINDOWS\System32\KERNELBASE.dll
0x00007ffa07040000 - 0x00007ffa070e1000 	C:\WINDOWS\System32\ADVAPI32.dll
0x00007ffa075b0000 - 0x00007ffa0764d000 	C:\WINDOWS\System32\msvcrt.dll
0x00007ffa06fe0000 - 0x00007ffa07039000 	C:\WINDOWS\System32\sechost.dll
0x00007ffa06950000 - 0x00007ffa06a75000 	C:\WINDOWS\System32\RPCRT4.dll
0x00007ffa06a80000 - 0x00007ffa06bca000 	C:\WINDOWS\System32\USER32.dll
0x00007ffa043e0000 - 0x00007ffa043fe000 	C:\WINDOWS\System32\win32u.dll
0x00007ffa06bd0000 - 0x00007ffa06bf7000 	C:\WINDOWS\System32\GDI32.dll
0x00007ffa03db0000 - 0x00007ffa03f37000 	C:\WINDOWS\System32\gdi32full.dll
0x00007ffa03f40000 - 0x00007ffa03fda000 	C:\WINDOWS\System32\msvcp_win.dll
0x00007ffa04230000 - 0x00007ffa04326000 	C:\WINDOWS\System32\ucrtbase.dll
0x00007ff9f3230000 - 0x00007ff9f3497000 	C:\WINDOWS\WinSxS\amd64_microsoft.windows.common-controls_6595b64144ccf1df_6.0.15063.483_none_26002d27e7c744a2\COMCTL32.dll
0x00007ffa06cb0000 - 0x00007ffa06fa9000 	C:\WINDOWS\System32\combase.dll
0x00007ffa03d40000 - 0x00007ffa03daa000 	C:\WINDOWS\System32\bcryptPrimitives.dll
0x00007ffa06fb0000 - 0x00007ffa06fdd000 	C:\WINDOWS\System32\IMM32.DLL
0x0000000065840000 - 0x0000000065912000 	C:\software\Android\Android Studio\jre\jre\bin\msvcr100.dll
0x0000000064820000 - 0x000000006505e000 	C:\software\Android\Android Studio\jre\jre\bin\server\jvm.dll
0x00007ffa050f0000 - 0x00007ffa050f8000 	C:\WINDOWS\System32\PSAPI.DLL
0x00007ff9dc3a0000 - 0x00007ff9dc3a9000 	C:\WINDOWS\SYSTEM32\WSOCK32.dll
0x00007ffa068e0000 - 0x00007ffa0694c000 	C:\WINDOWS\System32\WS2_32.dll
0x00007ff9f6380000 - 0x00007ff9f63a3000 	C:\WINDOWS\SYSTEM32\WINMM.dll
0x00007ff9fa240000 - 0x00007ff9fa24a000 	C:\WINDOWS\SYSTEM32\VERSION.dll
0x00007ff9f6200000 - 0x00007ff9f622b000 	C:\WINDOWS\SYSTEM32\WINMMBASE.dll
0x00007ffa04390000 - 0x00007ffa043d9000 	C:\WINDOWS\System32\cfgmgr32.dll
0x00007ff9fee00000 - 0x00007ff9fee0f000 	C:\software\Android\Android Studio\jre\jre\bin\verify.dll
0x00007ff9f3140000 - 0x00007ff9f3169000 	C:\software\Android\Android Studio\jre\jre\bin\java.dll
0x00007ff9f4a40000 - 0x00007ff9f4a56000 	C:\software\Android\Android Studio\jre\jre\bin\zip.dll
0x00007ffa05100000 - 0x00007ffa06537000 	C:\WINDOWS\System32\SHELL32.dll
0x00007ffa06c00000 - 0x00007ffa06caa000 	C:\WINDOWS\System32\shcore.dll
0x00007ffa04400000 - 0x00007ffa04af1000 	C:\WINDOWS\System32\windows.storage.dll
0x00007ffa067c0000 - 0x00007ffa06811000 	C:\WINDOWS\System32\shlwapi.dll
0x00007ffa03b00000 - 0x00007ffa03b11000 	C:\WINDOWS\System32\kernel.appcore.dll
0x00007ffa03b20000 - 0x00007ffa03b6c000 	C:\WINDOWS\System32\powrprof.dll
0x00007ffa03ae0000 - 0x00007ffa03af5000 	C:\WINDOWS\System32\profapi.dll

VM Arguments:
jvm_args: -Djava.awt.headless=true -Xmx4g -Dfile.encoding=GBK -Duser.country=US -Duser.language=en -Duser.variant 
java_command: com.android.dx.command.Main --dex --force-jumbo --num-threads=4 --multi-dex --output D:\AndroidLearning\Uber\ParseStarterProject\build\intermediates\transforms\dex\debug\folders\1000\10000\instant-run_99c3354555c4a37dca2acd6f50add6c964c82e69 D:\AndroidLearning\Uber\ParseStarterProject\build\intermediates\incremental-runtime-classes\debug\instant-run.jar
java_class_path (initial): C:\software\Android\Sdk\build-tools\27.0.3\lib\dx.jar
Launcher Type: SUN_STANDARD

Environment Variables:
JAVA_HOME=C:\software\java\jdk1.8.0_121
CLASSPATH=.;C:\software\java\jdk1.8.0_121\lib;C:\software\java\jdk1.8.0_121\lib\tools.jar;C:\software\java\jdk1.8.0_121\lib\dt.jar
PATH=C:\software\java\jdk1.8.0_121\bin;C:\software\java\jdk1.8.0_121\jre\bin;C:\Python27;C:\software\GitHub\Git\cmd;C:\Windows\System32;C:\Program Files\MySQL\MySQL Server 5.7\bin;C:\Users\qiaoz\Desktop\ImportantJARs\apache-maven-3.2.2\bin;C:\software\Subversion\bin;C:\software\NodeJS\;C:\Program Files (x86)\Skype\Phone\;C:\Program Files (x86)\Common Files\Thunder Network\KanKan\Codecs;C:\Program Files (x86)\GtkSharp\2.12\bin;C:\software\Anaconda;C:\software\Anaconda\Library\mingw-w64\bin;C:\software\Anaconda\Library\usr\bin;C:\software\Anaconda\Library\bin;C:\software\Anaconda\Scripts;C:\Users\qiaoz\AppData\Local\Microsoft\WindowsApps;C:\Users\qiaoz\Desktop\ImportantJARs\apache-maven-3.2.2\bin;C:\Users\qiaoz\AppData\Roaming\npm;D:\NodeJS\npm_global;C:\software\Heroku\bin
USERNAME=qiaoz
OS=Windows_NT
PROCESSOR_IDENTIFIER=Intel64 Family 6 Model 69 Stepping 1, GenuineIntel



---------------  S Y S T E M  ---------------

OS: Windows 10.0 , 64 bit Build 15063 (10.0.15063.296)

CPU:total 4 (initial active 4) (2 cores per cpu, 2 threads per core) family 6 model 69 stepping 1, cmov, cx8, fxsr, mmx, sse, sse2, sse3, ssse3, sse4.1, sse4.2, popcnt, avx, avx2, aes, clmul, erms, lzcnt, ht, tsc, tscinvbit, bmi1, bmi2

Memory: 4k page, physical 8291408k(1195708k free), swap 10912716k(3380k free)

vm_info: OpenJDK 64-Bit Server VM (25.152-b01) for windows-amd64 JRE (1.8.0_152-release-915-b01), built by "builder" with MS VC++ 10.0 (VS2010)

time: Mon Jan 15 16:52:30 2018
elapsed time: 1 seconds (0d 0h 0m 1s)

