#
# There is insufficient memory for the Java Runtime Environment to continue.
# Native memory allocation (malloc) failed to allocate 177936 bytes for Chunk::new
# Possible reasons:
#   The system is out of physical RAM or swap space
#   In 32 bit mode, the process size limit was hit
# Possible solutions:
#   Reduce memory load on the system
#   Increase physical memory or swap space
#   Check if swap backing store is full
#   Use 64 bit Java on a 64 bit OS
#   Decrease Java heap size (-Xmx/-Xms)
#   Decrease number of Java threads
#   Decrease Java thread stack sizes (-Xss)
#   Set larger code cache with -XX:ReservedCodeCacheSize=
# This output file may be truncated or incomplete.
#
#  Out of Memory Error (allocation.cpp:390), pid=20812, tid=0x00000000000052b0
#
# JRE version: OpenJDK Runtime Environment (8.0_152-b01) (build 1.8.0_152-release-915-b01)
# Java VM: OpenJDK 64-Bit Server VM (25.152-b01 mixed mode windows-amd64 compressed oops)
# Failed to write core dump. Minidumps are not enabled by default on client versions of Windows
#

---------------  T H R E A D  ---------------

Current thread (0x000000001d7c0800):  JavaThread "C2 CompilerThread1" daemon [_thread_in_native, id=21168, stack(0x000000001de70000,0x000000001df70000)]

Stack: [0x000000001de70000,0x000000001df70000]
[error occurred during error reporting (printing stack bounds), id 0xc0000005]

Native frames: (J=compiled Java code, j=interpreted, Vv=VM code, C=native code)


Current CompileTask:
C2:   1043  901       4       com.android.dx.ssa.back.LivenessAnalyzer::handleTailRecursion (94 bytes)


---------------  P R O C E S S  ---------------

Java Threads: ( => current thread )
  0x000000001d9f6800 JavaThread "pool-2-thread-4" [_thread_in_Java, id=21272, stack(0x000000001e670000,0x000000001e770000)]
  0x000000001d9f5800 JavaThread "pool-2-thread-3" [_thread_in_Java, id=21268, stack(0x000000001e570000,0x000000001e670000)]
  0x000000001d9f5000 JavaThread "pool-2-thread-2" [_thread_in_Java, id=21264, stack(0x000000001e470000,0x000000001e570000)]
  0x000000001d9d5000 JavaThread "pool-3-thread-1" [_thread_blocked, id=21260, stack(0x000000001e370000,0x000000001e470000)]
  0x000000001d9e7000 JavaThread "pool-2-thread-1" [_thread_in_vm, id=21256, stack(0x000000001e270000,0x000000001e370000)]
  0x000000001d7d1800 JavaThread "Service Thread" daemon [_thread_blocked, id=21184, stack(0x000000001e070000,0x000000001e170000)]
  0x000000001d7cb800 JavaThread "C1 CompilerThread2" daemon [_thread_in_native, id=21176, stack(0x000000001df70000,0x000000001e070000)]
=>0x000000001d7c0800 JavaThread "C2 CompilerThread1" daemon [_thread_in_native, id=21168, stack(0x000000001de70000,0x000000001df70000)]
  0x000000001c27a000 JavaThread "C2 CompilerThread0" daemon [_thread_in_native, id=21152, stack(0x000000001dd70000,0x000000001de70000)]
  0x000000001c278000 JavaThread "Attach Listener" daemon [_thread_blocked, id=21148, stack(0x000000001dc70000,0x000000001dd70000)]
  0x000000001c22e000 JavaThread "Signal Dispatcher" daemon [_thread_blocked, id=21144, stack(0x000000001db70000,0x000000001dc70000)]
  0x0000000002b4a800 JavaThread "Finalizer" daemon [_thread_blocked, id=21064, stack(0x000000001d480000,0x000000001d580000)]
  0x0000000002b42000 JavaThread "Reference Handler" daemon [_thread_blocked, id=21060, stack(0x000000001d380000,0x000000001d480000)]
  0x0000000002a52800 JavaThread "main" [_thread_in_vm, id=20976, stack(0x0000000002950000,0x0000000002a50000)]

Other Threads:
  0x000000001c1e5000 VMThread [stack: 0x000000001d280000,0x000000001d380000] [id=21028]
  0x000000001d7d3000 WatcherThread [stack: 0x000000001e170000,0x000000001e270000] [id=21188]

VM state:not at safepoint (normal execution)

VM Mutex/Monitor currently owned by a thread: None

Heap:
 PSYoungGen      total 38400K, used 23322K [0x000000076ab00000, 0x000000076d580000, 0x00000007c0000000)
  eden space 33280K, 70% used [0x000000076ab00000,0x000000076c1c6810,0x000000076cb80000)
  from space 5120K, 0% used [0x000000076d080000,0x000000076d080000,0x000000076d580000)
  to   space 5120K, 0% used [0x000000076cb80000,0x000000076cb80000,0x000000076d080000)
 ParOldGen       total 87552K, used 0K [0x00000006c0000000, 0x00000006c5580000, 0x000000076ab00000)
  object space 87552K, 0% used [0x00000006c0000000,0x00000006c0000000,0x00000006c5580000)
 Metaspace       used 5972K, capacity 6768K, committed 7040K, reserved 1056768K
  class space    used 590K, capacity 616K, committed 640K, reserved 1048576K

Card table byte_map: [0x0000000011f10000,0x0000000012720000] byte_map_base: 0x000000000e910000

Marking Bits: (ParMarkBitMap*) 0x0000000064fe3950
 Begin Bits: [0x0000000013080000, 0x0000000017080000)
 End Bits:   [0x0000000017080000, 0x000000001b080000)

Polling page: 0x00000000024f0000

CodeCache: size=245760Kb used=3726Kb max_used=3726Kb free=242033Kb
 bounds [0x0000000002b50000, 0x0000000002f00000, 0x0000000011b50000]
 total_blobs=1191 nmethods=920 adapters=185
 compilation: enabled

Compilation events (10 events):
Event: 1.020 Thread 0x000000001d7cb800  917   !   3       com.android.dx.rop.code.LocalVariableInfo::setStarts (40 bytes)
Event: 1.021 Thread 0x000000001d7cb800 nmethod 917 0x0000000002ed4bd0 code [0x0000000002ed4da0, 0x0000000002ed5428]
Event: 1.021 Thread 0x000000001d7cb800  918       3       com.android.dx.dex.code.RopTranslator$TranslationVisitor::visitPlainInsn (161 bytes)
Event: 1.022 Thread 0x000000001d7cb800 nmethod 918 0x0000000002eda3d0 code [0x0000000002eda660, 0x0000000002edba38]
Event: 1.022 Thread 0x000000001d7cb800  934   !   3       com.android.dx.cf.code.Ropper::processBlock (1101 bytes)
Event: 1.024 Thread 0x000000001c27a000  938       4       com.android.dx.ssa.back.LivenessAnalyzer::liveInAtStatement (55 bytes)
Event: 1.037 Thread 0x000000001d7cb800 nmethod 934 0x0000000002edc4d0 code [0x0000000002edd060, 0x0000000002ee6db8]
Event: 1.037 Thread 0x000000001d7cb800  944       3       com.android.dx.rop.code.LocalVariableExtractor::processBlock (327 bytes)
Event: 1.039 Thread 0x000000001c27a000 nmethod 938 0x0000000002ef1ad0 code [0x0000000002ef1c60, 0x0000000002ef23a8]
Event: 1.039 Thread 0x000000001c27a000  948       4       com.android.dx.util.Bits::findFirst (61 bytes)

GC Heap History (0 events):
No events

Deoptimization events (2 events):
Event: 0.768 Thread 0x000000001d9f5800 Uncommon trap: reason=unstable_if action=reinterpret pc=0x0000000002d5de88 method=java.util.HashMap.getNode(ILjava/lang/Object;)Ljava/util/HashMap$Node; @ 129
Event: 0.782 Thread 0x0000000002a52800 Uncommon trap: reason=unstable_if action=reinterpret pc=0x0000000002d608f4 method=java.util.BitSet.nextSetBit(I)I @ 87

Classes redefined (0 events):
No events

Internal exceptions (2 events):
Event: 0.047 Thread 0x0000000002a52800 Exception <a 'java/lang/NoSuchMethodError': Method sun.misc.Unsafe.defineClass(Ljava/lang/String;[BII)Ljava/lang/Class; name or signature does not match> (0x000000076ab07ca8) thrown at [D:\src\AOSP-openjdk-cygwin\jdk8u\hotspot\src\share\vm\prims\jni.cpp, 
Event: 0.047 Thread 0x0000000002a52800 Exception <a 'java/lang/NoSuchMethodError': Method sun.misc.Unsafe.prefetchRead(Ljava/lang/Object;J)V name or signature does not match> (0x000000076ab07f90) thrown at [D:\src\AOSP-openjdk-cygwin\jdk8u\hotspot\src\share\vm\prims\jni.cpp, line 4011]

Events (10 events):
Event: 0.768 Thread 0x000000001d9f5800 DEOPT UNPACKING pc=0x0000000002b9556a sp=0x000000001e66e5e8 mode 2
Event: 0.770 loading class com/android/dx/rop/code/RegOps
Event: 0.770 loading class com/android/dx/rop/code/RegOps done
Event: 0.782 Thread 0x0000000002a52800 Uncommon trap: trap_request=0xffffff65 fr.pc=0x0000000002d608f4
Event: 0.782 Thread 0x0000000002a52800 DEOPT PACKING pc=0x0000000002d608f4 sp=0x0000000002a4e7a0
Event: 0.782 Thread 0x0000000002a52800 DEOPT UNPACKING pc=0x0000000002b9556a sp=0x0000000002a4e738 mode 2
Event: 0.845 Executing VM operation: ForceSafepoint
Event: 0.846 Executing VM operation: ForceSafepoint done
Event: 0.885 loading class com/android/dx/rop/code/LocalItem
Event: 0.885 loading class com/android/dx/rop/code/LocalItem done


Dynamic libraries:
0x00007ff692ed0000 - 0x00007ff692f01000 	C:\software\Android\Android Studio\jre\bin\java.exe
0x00007ffa07650000 - 0x00007ffa0782b000 	C:\WINDOWS\SYSTEM32\ntdll.dll
0x00007ffa06830000 - 0x00007ffa068de000 	C:\WINDOWS\System32\KERNEL32.DLL
0x00007ffa03fe0000 - 0x00007ffa04229000 	C:\WINDOWS\System32\KERNELBASE.dll
0x00007ffa07040000 - 0x00007ffa070e1000 	C:\WINDOWS\System32\ADVAPI32.dll
0x00007ffa075b0000 - 0x00007ffa0764d000 	C:\WINDOWS\System32\msvcrt.dll
0x00007ffa06fe0000 - 0x00007ffa07039000 	C:\WINDOWS\System32\sechost.dll
0x00007ffa06950000 - 0x00007ffa06a75000 	C:\WINDOWS\System32\RPCRT4.dll
0x00007ffa06a80000 - 0x00007ffa06bca000 	C:\WINDOWS\System32\USER32.dll
0x00007ffa043e0000 - 0x00007ffa043fe000 	C:\WINDOWS\System32\win32u.dll
0x00007ffa06bd0000 - 0x00007ffa06bf7000 	C:\WINDOWS\System32\GDI32.dll
0x00007ffa03db0000 - 0x00007ffa03f37000 	C:\WINDOWS\System32\gdi32full.dll
0x00007ffa03f40000 - 0x00007ffa03fda000 	C:\WINDOWS\System32\msvcp_win.dll
0x00007ffa04230000 - 0x00007ffa04326000 	C:\WINDOWS\System32\ucrtbase.dll
0x00007ff9f3230000 - 0x00007ff9f3497000 	C:\WINDOWS\WinSxS\amd64_microsoft.windows.common-controls_6595b64144ccf1df_6.0.15063.483_none_26002d27e7c744a2\COMCTL32.dll
0x00007ffa06cb0000 - 0x00007ffa06fa9000 	C:\WINDOWS\System32\combase.dll
0x00007ffa03d40000 - 0x00007ffa03daa000 	C:\WINDOWS\System32\bcryptPrimitives.dll
0x00007ffa06fb0000 - 0x00007ffa06fdd000 	C:\WINDOWS\System32\IMM32.DLL
0x0000000065840000 - 0x0000000065912000 	C:\software\Android\Android Studio\jre\jre\bin\msvcr100.dll
0x0000000064820000 - 0x000000006505e000 	C:\software\Android\Android Studio\jre\jre\bin\server\jvm.dll
0x00007ffa050f0000 - 0x00007ffa050f8000 	C:\WINDOWS\System32\PSAPI.DLL
0x00007ff9dc3a0000 - 0x00007ff9dc3a9000 	C:\WINDOWS\SYSTEM32\WSOCK32.dll
0x00007ffa068e0000 - 0x00007ffa0694c000 	C:\WINDOWS\System32\WS2_32.dll
0x00007ff9f6380000 - 0x00007ff9f63a3000 	C:\WINDOWS\SYSTEM32\WINMM.dll
0x00007ff9fa240000 - 0x00007ff9fa24a000 	C:\WINDOWS\SYSTEM32\VERSION.dll
0x00007ff9f6200000 - 0x00007ff9f622b000 	C:\WINDOWS\SYSTEM32\WINMMBASE.dll
0x00007ffa04390000 - 0x00007ffa043d9000 	C:\WINDOWS\System32\cfgmgr32.dll
0x00007ff9fee00000 - 0x00007ff9fee0f000 	C:\software\Android\Android Studio\jre\jre\bin\verify.dll
0x00007ff9f3140000 - 0x00007ff9f3169000 	C:\software\Android\Android Studio\jre\jre\bin\java.dll
0x00007ff9f4a40000 - 0x00007ff9f4a56000 	C:\software\Android\Android Studio\jre\jre\bin\zip.dll
0x00007ffa05100000 - 0x00007ffa06537000 	C:\WINDOWS\System32\SHELL32.dll
0x00007ffa06c00000 - 0x00007ffa06caa000 	C:\WINDOWS\System32\shcore.dll
0x00007ffa04400000 - 0x00007ffa04af1000 	C:\WINDOWS\System32\windows.storage.dll
0x00007ffa067c0000 - 0x00007ffa06811000 	C:\WINDOWS\System32\shlwapi.dll
0x00007ffa03b00000 - 0x00007ffa03b11000 	C:\WINDOWS\System32\kernel.appcore.dll
0x00007ffa03b20000 - 0x00007ffa03b6c000 	C:\WINDOWS\System32\powrprof.dll
0x00007ffa03ae0000 - 0x00007ffa03af5000 	C:\WINDOWS\System32\profapi.dll

VM Arguments:
jvm_args: -Djava.awt.headless=true -Xmx4g -Dfile.encoding=GBK -Duser.country=US -Duser.language=en -Duser.variant 
java_command: com.android.dx.command.Main --dex --force-jumbo --num-threads=4 --multi-dex --output D:\AndroidLearning\Uber\ParseStarterProject\build\intermediates\transforms\dex\debug\folders\1000\10\classes_520c43d1551c00a5e5d0e4523ab3dc0408ce15a5 C:\Users\qiaoz\.android\build-cache\8bae46d8739f11d7cfbabcfa107aa0cc13686e09\output\jars\classes.jar
java_class_path (initial): C:\software\Android\Sdk\build-tools\27.0.3\lib\dx.jar
Launcher Type: SUN_STANDARD

Environment Variables:
JAVA_HOME=C:\software\java\jdk1.8.0_121
CLASSPATH=.;C:\software\java\jdk1.8.0_121\lib;C:\software\java\jdk1.8.0_121\lib\tools.jar;C:\software\java\jdk1.8.0_121\lib\dt.jar
PATH=C:\software\java\jdk1.8.0_121\bin;C:\software\java\jdk1.8.0_121\jre\bin;C:\Python27;C:\software\GitHub\Git\cmd;C:\Windows\System32;C:\Program Files\MySQL\MySQL Server 5.7\bin;C:\Users\qiaoz\Desktop\ImportantJARs\apache-maven-3.2.2\bin;C:\software\Subversion\bin;C:\software\NodeJS\;C:\Program Files (x86)\Skype\Phone\;C:\Program Files (x86)\Common Files\Thunder Network\KanKan\Codecs;C:\Program Files (x86)\GtkSharp\2.12\bin;C:\software\Anaconda;C:\software\Anaconda\Library\mingw-w64\bin;C:\software\Anaconda\Library\usr\bin;C:\software\Anaconda\Library\bin;C:\software\Anaconda\Scripts;C:\Users\qiaoz\AppData\Local\Microsoft\WindowsApps;C:\Users\qiaoz\Desktop\ImportantJARs\apache-maven-3.2.2\bin;C:\Users\qiaoz\AppData\Roaming\npm;D:\NodeJS\npm_global;C:\software\Heroku\bin
USERNAME=qiaoz
OS=Windows_NT
PROCESSOR_IDENTIFIER=Intel64 Family 6 Model 69 Stepping 1, GenuineIntel



---------------  S Y S T E M  ---------------

OS: Windows 10.0 , 64 bit Build 15063 (10.0.15063.296)

CPU:total 4 (initial active 4) (2 cores per cpu, 2 threads per core) family 6 model 69 stepping 1, cmov, cx8, fxsr, mmx, sse, sse2, sse3, ssse3, sse4.1, sse4.2, popcnt, avx, avx2, aes, clmul, erms, lzcnt, ht, tsc, tscinvbit, bmi1, bmi2

Memory: 4k page, physical 8291408k(1626320k free), swap 10912716k(4608k free)

vm_info: OpenJDK 64-Bit Server VM (25.152-b01) for windows-amd64 JRE (1.8.0_152-release-915-b01), built by "builder" with MS VC++ 10.0 (VS2010)

time: Mon Jan 15 12:15:55 2018
elapsed time: 1 seconds (0d 0h 0m 1s)

