#
# There is insufficient memory for the Java Runtime Environment to continue.
# Native memory allocation (malloc) failed to allocate 653136 bytes for Chunk::new
# Possible reasons:
#   The system is out of physical RAM or swap space
#   In 32 bit mode, the process size limit was hit
# Possible solutions:
#   Reduce memory load on the system
#   Increase physical memory or swap space
#   Check if swap backing store is full
#   Use 64 bit Java on a 64 bit OS
#   Decrease Java heap size (-Xmx/-Xms)
#   Decrease number of Java threads
#   Decrease Java thread stack sizes (-Xss)
#   Set larger code cache with -XX:ReservedCodeCacheSize=
# This output file may be truncated or incomplete.
#
#  Out of Memory Error (allocation.cpp:390), pid=18660, tid=0x00000000000053d8
#
# JRE version: OpenJDK Runtime Environment (8.0_152-b01) (build 1.8.0_152-release-915-b01)
# Java VM: OpenJDK 64-Bit Server VM (25.152-b01 mixed mode windows-amd64 compressed oops)
# Failed to write core dump. Minidumps are not enabled by default on client versions of Windows
#

---------------  T H R E A D  ---------------

Current thread (0x000000001d915000):  JavaThread "C2 CompilerThread1" daemon [_thread_in_native, id=21464, stack(0x000000001dfc0000,0x000000001e0c0000)]

Stack: [0x000000001dfc0000,0x000000001e0c0000]
[error occurred during error reporting (printing stack bounds), id 0xc0000005]

Native frames: (J=compiled Java code, j=interpreted, Vv=VM code, C=native code)


Current CompileTask:
C2:  13110 2364       4       com.android.dx.ssa.SsaConverter::edgeSplitSuccessors (98 bytes)


---------------  P R O C E S S  ---------------

Java Threads: ( => current thread )
  0x000000001db51800 JavaThread "pool-2-thread-4" [_thread_in_Java, id=16540, stack(0x000000001e7c0000,0x000000001e8c0000)]
  0x000000001db50000 JavaThread "pool-2-thread-3" [_thread_in_Java, id=20552, stack(0x000000001e6c0000,0x000000001e7c0000)]
  0x000000001db4f800 JavaThread "pool-2-thread-2" [_thread_in_Java, id=6968, stack(0x000000001e5c0000,0x000000001e6c0000)]
  0x000000001db43000 JavaThread "pool-3-thread-1" [_thread_blocked, id=17992, stack(0x000000001e4c0000,0x000000001e5c0000)]
  0x000000001db42800 JavaThread "pool-2-thread-1" [_thread_blocked, id=17060, stack(0x000000001e3c0000,0x000000001e4c0000)]
  0x000000001d91b800 JavaThread "Service Thread" daemon [_thread_blocked, id=21400, stack(0x000000001e1c0000,0x000000001e2c0000)]
  0x000000001d918000 JavaThread "C1 CompilerThread2" daemon [_thread_blocked, id=21408, stack(0x000000001e0c0000,0x000000001e1c0000)]
=>0x000000001d915000 JavaThread "C2 CompilerThread1" daemon [_thread_in_native, id=21464, stack(0x000000001dfc0000,0x000000001e0c0000)]
  0x000000001c3ca000 JavaThread "C2 CompilerThread0" daemon [_thread_in_native, id=20592, stack(0x000000001dec0000,0x000000001dfc0000)]
  0x000000001c3c8000 JavaThread "Attach Listener" daemon [_thread_blocked, id=19704, stack(0x000000001ddc0000,0x000000001dec0000)]
  0x000000001c37e000 JavaThread "Signal Dispatcher" daemon [_thread_blocked, id=20972, stack(0x000000001dcc0000,0x000000001ddc0000)]
  0x0000000002c95800 JavaThread "Finalizer" daemon [_thread_blocked, id=10576, stack(0x000000001d5d0000,0x000000001d6d0000)]
  0x0000000002c92000 JavaThread "Reference Handler" daemon [_thread_blocked, id=5096, stack(0x000000001d4d0000,0x000000001d5d0000)]
  0x0000000002ba2800 JavaThread "main" [_thread_blocked, id=8212, stack(0x00000000029a0000,0x0000000002aa0000)]

Other Threads:
  0x000000001c335000 VMThread [stack: 0x000000001d3d0000,0x000000001d4d0000] [id=20920]
  0x000000001d91c800 WatcherThread [stack: 0x000000001e2c0000,0x000000001e3c0000] [id=10824]

VM state:not at safepoint (normal execution)

VM Mutex/Monitor currently owned by a thread: None

Heap:
 PSYoungGen      total 150528K, used 53028K [0x000000076ab00000, 0x0000000775400000, 0x00000007c0000000)
  eden space 130560K, 25% used [0x000000076ab00000,0x000000076cb4f810,0x0000000772a80000)
  from space 19968K, 99% used [0x0000000772a80000,0x0000000773df9aa8,0x0000000773e00000)
  to   space 17408K, 0% used [0x0000000773e00000,0x0000000773e00000,0x0000000774f00000)
 ParOldGen       total 87552K, used 40972K [0x00000006c0000000, 0x00000006c5580000, 0x000000076ab00000)
  object space 87552K, 46% used [0x00000006c0000000,0x00000006c2803200,0x00000006c5580000)
 Metaspace       used 6722K, capacity 7320K, committed 7680K, reserved 1056768K
  class space    used 624K, capacity 656K, committed 768K, reserved 1048576K

Card table byte_map: [0x0000000012060000,0x0000000012870000] byte_map_base: 0x000000000ea60000

Marking Bits: (ParMarkBitMap*) 0x0000000064fe3950
 Begin Bits: [0x00000000131d0000, 0x00000000171d0000)
 End Bits:   [0x00000000171d0000, 0x000000001b1d0000)

Polling page: 0x0000000000d30000

CodeCache: size=245760Kb used=10540Kb max_used=10558Kb free=235219Kb
 bounds [0x0000000002ca0000, 0x0000000003700000, 0x0000000011ca0000]
 total_blobs=2434 nmethods=2161 adapters=186
 compilation: enabled

Compilation events (10 events):
Event: 13.039 Thread 0x000000001d918000 2368 %     3       com.android.dx.ssa.back.SsaToRop::moveParametersToHighRegisters @ 34 (88 bytes)
Event: 13.040 Thread 0x000000001d918000 nmethod 2368% 0x00000000036d5e10 code [0x00000000036d5fe0, 0x00000000036d69b8]
Event: 13.040 Thread 0x000000001d918000 2369       3       com.android.dx.ssa.back.SsaToRop::moveParametersToHighRegisters (88 bytes)
Event: 13.041 Thread 0x000000001d918000 nmethod 2369 0x00000000036d5010 code [0x00000000036d51e0, 0x00000000036d5ab8]
Event: 13.058 Thread 0x000000001d918000 2370 %     3       java.util.HashMap$HashIterator::nextNode @ 68 (100 bytes)
Event: 13.059 Thread 0x000000001d918000 nmethod 2370% 0x0000000003684710 code [0x00000000036848c0, 0x0000000003684e18]
Event: 13.059 Thread 0x000000001d918000 2371       3       java.util.HashMap$HashIterator::nextNode (100 bytes)
Event: 13.059 Thread 0x000000001d918000 nmethod 2371 0x00000000036d4750 code [0x00000000036d4900, 0x00000000036d4df8]
Event: 13.073 Thread 0x000000001d918000 2372   !   2       java.util.concurrent.locks.AbstractQueuedSynchronizer::doAcquireInterruptibly (97 bytes)
Event: 13.074 Thread 0x000000001d918000 nmethod 2372 0x00000000036d3a10 code [0x00000000036d3c00, 0x00000000036d41f8]

GC Heap History (10 events):
Event: 4.692 GC heap before
{Heap before GC invocations=3 (full 0):
 PSYoungGen      total 38400K, used 38374K [0x000000076ab00000, 0x000000076d580000, 0x00000007c0000000)
  eden space 33280K, 100% used [0x000000076ab00000,0x000000076cb80000,0x000000076cb80000)
  from space 5120K, 99% used [0x000000076d080000,0x000000076d579950,0x000000076d580000)
  to   space 5120K, 0% used [0x000000076cb80000,0x000000076cb80000,0x000000076d080000)
 ParOldGen       total 87552K, used 8004K [0x00000006c0000000, 0x00000006c5580000, 0x000000076ab00000)
  object space 87552K, 9% used [0x00000006c0000000,0x00000006c07d1250,0x00000006c5580000)
 Metaspace       used 6386K, capacity 7152K, committed 7296K, reserved 1056768K
  class space    used 602K, capacity 616K, committed 640K, reserved 1048576K
Event: 4.728 GC heap after
Heap after GC invocations=3 (full 0):
 PSYoungGen      total 38400K, used 5108K [0x000000076ab00000, 0x000000076f600000, 0x00000007c0000000)
  eden space 33280K, 0% used [0x000000076ab00000,0x000000076ab00000,0x000000076cb80000)
  from space 5120K, 99% used [0x000000076cb80000,0x000000076d07d338,0x000000076d080000)
  to   space 5120K, 0% used [0x000000076f100000,0x000000076f100000,0x000000076f600000)
 ParOldGen       total 87552K, used 13717K [0x00000006c0000000, 0x00000006c5580000, 0x000000076ab00000)
  object space 87552K, 15% used [0x00000006c0000000,0x00000006c0d655c8,0x00000006c5580000)
 Metaspace       used 6386K, capacity 7152K, committed 7296K, reserved 1056768K
  class space    used 602K, capacity 616K, committed 640K, reserved 1048576K
}
Event: 4.735 GC heap before
{Heap before GC invocations=4 (full 0):
 PSYoungGen      total 38400K, used 6720K [0x000000076ab00000, 0x000000076f600000, 0x00000007c0000000)
  eden space 33280K, 4% used [0x000000076ab00000,0x000000076ac92fa8,0x000000076cb80000)
  from space 5120K, 99% used [0x000000076cb80000,0x000000076d07d338,0x000000076d080000)
  to   space 5120K, 0% used [0x000000076f100000,0x000000076f100000,0x000000076f600000)
 ParOldGen       total 87552K, used 13717K [0x00000006c0000000, 0x00000006c5580000, 0x000000076ab00000)
  object space 87552K, 15% used [0x00000006c0000000,0x00000006c0d655c8,0x00000006c5580000)
 Metaspace       used 6386K, capacity 7152K, committed 7296K, reserved 1056768K
  class space    used 602K, capacity 616K, committed 640K, reserved 1048576K
Event: 4.755 GC heap after
Heap after GC invocations=4 (full 0):
 PSYoungGen      total 71680K, used 5108K [0x000000076ab00000, 0x000000076f600000, 0x00000007c0000000)
  eden space 66560K, 0% used [0x000000076ab00000,0x000000076ab00000,0x000000076ec00000)
  from space 5120K, 99% used [0x000000076f100000,0x000000076f5fd338,0x000000076f600000)
  to   space 5120K, 0% used [0x000000076ec00000,0x000000076ec00000,0x000000076f100000)
 ParOldGen       total 87552K, used 14021K [0x00000006c0000000, 0x00000006c5580000, 0x000000076ab00000)
  object space 87552K, 16% used [0x00000006c0000000,0x00000006c0db15c8,0x00000006c5580000)
 Metaspace       used 6386K, capacity 7152K, committed 7296K, reserved 1056768K
  class space    used 602K, capacity 616K, committed 640K, reserved 1048576K
}
Event: 6.296 GC heap before
{Heap before GC invocations=5 (full 0):
 PSYoungGen      total 71680K, used 71668K [0x000000076ab00000, 0x000000076f600000, 0x00000007c0000000)
  eden space 66560K, 100% used [0x000000076ab00000,0x000000076ec00000,0x000000076ec00000)
  from space 5120K, 99% used [0x000000076f100000,0x000000076f5fd338,0x000000076f600000)
  to   space 5120K, 0% used [0x000000076ec00000,0x000000076ec00000,0x000000076f100000)
 ParOldGen       total 87552K, used 14021K [0x00000006c0000000, 0x00000006c5580000, 0x000000076ab00000)
  object space 87552K, 16% used [0x00000006c0000000,0x00000006c0db15c8,0x00000006c5580000)
 Metaspace       used 6469K, capacity 7216K, committed 7296K, reserved 1056768K
  class space    used 602K, capacity 616K, committed 640K, reserved 1048576K
Event: 6.500 GC heap after
Heap after GC invocations=5 (full 0):
 PSYoungGen      total 71680K, used 5108K [0x000000076ab00000, 0x0000000774f00000, 0x00000007c0000000)
  eden space 66560K, 0% used [0x000000076ab00000,0x000000076ab00000,0x000000076ec00000)
  from space 5120K, 99% used [0x000000076ec00000,0x000000076f0fd310,0x000000076f100000)
  to   space 17408K, 0% used [0x0000000773e00000,0x0000000773e00000,0x0000000774f00000)
 ParOldGen       total 87552K, used 24694K [0x00000006c0000000, 0x00000006c5580000, 0x000000076ab00000)
  object space 87552K, 28% used [0x00000006c0000000,0x00000006c181dbb8,0x00000006c5580000)
 Metaspace       used 6469K, capacity 7216K, committed 7296K, reserved 1056768K
  class space    used 602K, capacity 616K, committed 640K, reserved 1048576K
}
Event: 8.542 GC heap before
{Heap before GC invocations=6 (full 0):
 PSYoungGen      total 71680K, used 71668K [0x000000076ab00000, 0x0000000774f00000, 0x00000007c0000000)
  eden space 66560K, 100% used [0x000000076ab00000,0x000000076ec00000,0x000000076ec00000)
  from space 5120K, 99% used [0x000000076ec00000,0x000000076f0fd310,0x000000076f100000)
  to   space 17408K, 0% used [0x0000000773e00000,0x0000000773e00000,0x0000000774f00000)
 ParOldGen       total 87552K, used 24694K [0x00000006c0000000, 0x00000006c5580000, 0x000000076ab00000)
  object space 87552K, 28% used [0x00000006c0000000,0x00000006c181dbb8,0x00000006c5580000)
 Metaspace       used 6565K, capacity 7280K, committed 7552K, reserved 1056768K
  class space    used 602K, capacity 616K, committed 640K, reserved 1048576K
Event: 8.770 GC heap after
Heap after GC invocations=6 (full 0):
 PSYoungGen      total 147968K, used 16212K [0x000000076ab00000, 0x0000000775400000, 0x00000007c0000000)
  eden space 130560K, 0% used [0x000000076ab00000,0x000000076ab00000,0x0000000772a80000)
  from space 17408K, 93% used [0x0000000773e00000,0x0000000774dd5320,0x0000000774f00000)
  to   space 19968K, 0% used [0x0000000772a80000,0x0000000772a80000,0x0000000773e00000)
 ParOldGen       total 87552K, used 24694K [0x00000006c0000000, 0x00000006c5580000, 0x000000076ab00000)
  object space 87552K, 28% used [0x00000006c0000000,0x00000006c181dbb8,0x00000006c5580000)
 Metaspace       used 6565K, capacity 7280K, committed 7552K, reserved 1056768K
  class space    used 602K, capacity 616K, committed 640K, reserved 1048576K
}
Event: 12.684 GC heap before
{Heap before GC invocations=7 (full 0):
 PSYoungGen      total 147968K, used 146772K [0x000000076ab00000, 0x0000000775400000, 0x00000007c0000000)
  eden space 130560K, 100% used [0x000000076ab00000,0x0000000772a80000,0x0000000772a80000)
  from space 17408K, 93% used [0x0000000773e00000,0x0000000774dd5320,0x0000000774f00000)
  to   space 19968K, 0% used [0x0000000772a80000,0x0000000772a80000,0x0000000773e00000)
 ParOldGen       total 87552K, used 24694K [0x00000006c0000000, 0x00000006c5580000, 0x000000076ab00000)
  object space 87552K, 28% used [0x00000006c0000000,0x00000006c181dbb8,0x00000006c5580000)
 Metaspace       used 6722K, capacity 7320K, committed 7680K, reserved 1056768K
  class space    used 624K, capacity 656K, committed 768K, reserved 1048576K
Event: 12.879 GC heap after
Heap after GC invocations=7 (full 0):
 PSYoungGen      total 150528K, used 19942K [0x000000076ab00000, 0x0000000775400000, 0x00000007c0000000)
  eden space 130560K, 0% used [0x000000076ab00000,0x000000076ab00000,0x0000000772a80000)
  from space 19968K, 99% used [0x0000000772a80000,0x0000000773df9aa8,0x0000000773e00000)
  to   space 17408K, 0% used [0x0000000773e00000,0x0000000773e00000,0x0000000774f00000)
 ParOldGen       total 87552K, used 40972K [0x00000006c0000000, 0x00000006c5580000, 0x000000076ab00000)
  object space 87552K, 46% used [0x00000006c0000000,0x00000006c2803200,0x00000006c5580000)
 Metaspace       used 6722K, capacity 7320K, committed 7680K, reserved 1056768K
  class space    used 624K, capacity 656K, committed 768K, reserved 1048576K
}

Deoptimization events (10 events):
Event: 9.723 Thread 0x000000001db4f800 Uncommon trap: reason=unstable_if action=reinterpret pc=0x00000000032e54e4 method=java.util.HashMap.getNode(ILjava/lang/Object;)Ljava/util/HashMap$Node; @ 84
Event: 10.213 Thread 0x000000001db42800 Uncommon trap: reason=unstable_if action=reinterpret pc=0x0000000003517844 method=com.android.dx.cf.code.Ropper.isSynchronized()Z @ 12
Event: 10.213 Thread 0x000000001db42800 Uncommon trap: reason=unstable_if action=reinterpret pc=0x0000000003291360 method=com.android.dx.ssa.MoveParamCombiner$1.visitNonMoveInsn(Lcom/android/dx/ssa/NormalSsaInsn;)V @ 27
Event: 10.281 Thread 0x000000001db42800 Uncommon trap: reason=bimorphic action=maybe_recompile pc=0x00000000034c8244 method=com.android.dx.cf.code.RopperMachine.run(Lcom/android/dx/cf/code/Frame;II)V @ 1015
Event: 10.281 Thread 0x000000001db42800 Uncommon trap: reason=bimorphic action=maybe_recompile pc=0x00000000034c8244 method=com.android.dx.cf.code.RopperMachine.run(Lcom/android/dx/cf/code/Frame;II)V @ 1015
Event: 10.304 Thread 0x000000001db50000 Uncommon trap: reason=bimorphic action=maybe_recompile pc=0x000000000354ad60 method=com.android.dx.ssa.LiteralOpUpgrader.tryReplacingWithConstant(Lcom/android/dx/ssa/NormalSsaInsn;)Z @ 62
Event: 10.307 Thread 0x000000001db50000 Uncommon trap: reason=bimorphic action=maybe_recompile pc=0x000000000354ad60 method=com.android.dx.ssa.LiteralOpUpgrader.tryReplacingWithConstant(Lcom/android/dx/ssa/NormalSsaInsn;)Z @ 62
Event: 12.197 Thread 0x000000001db50000 Uncommon trap: reason=unstable_if action=reinterpret pc=0x0000000003509d8c method=java.util.HashMap.putVal(ILjava/lang/Object;Ljava/lang/Object;ZZ)Ljava/lang/Object; @ 109
Event: 12.202 Thread 0x000000001db50000 Uncommon trap: reason=bimorphic action=maybe_recompile pc=0x000000000361330c method=com.android.dx.cf.code.BytecodeArray.parseInstruction(ILcom/android/dx/cf/code/BytecodeArray$Visitor;)I @ 971
Event: 12.202 Thread 0x000000001db50000 Uncommon trap: reason=bimorphic action=maybe_recompile pc=0x000000000361330c method=com.android.dx.cf.code.BytecodeArray.parseInstruction(ILcom/android/dx/cf/code/BytecodeArray$Visitor;)I @ 971

Classes redefined (0 events):
No events

Internal exceptions (9 events):
Event: 0.367 Thread 0x0000000002ba2800 Exception <a 'java/lang/NoSuchMethodError': Method sun.misc.Unsafe.defineClass(Ljava/lang/String;[BII)Ljava/lang/Class; name or signature does not match> (0x000000076ab07ca8) thrown at [D:\src\AOSP-openjdk-cygwin\jdk8u\hotspot\src\share\vm\prims\jni.cpp, 
Event: 0.367 Thread 0x0000000002ba2800 Exception <a 'java/lang/NoSuchMethodError': Method sun.misc.Unsafe.prefetchRead(Ljava/lang/Object;J)V name or signature does not match> (0x000000076ab07f90) thrown at [D:\src\AOSP-openjdk-cygwin\jdk8u\hotspot\src\share\vm\prims\jni.cpp, line 4011]
Event: 3.161 Thread 0x0000000002ba2800 Implicit null exception at 0x0000000002fc4aa2 to 0x0000000002fc4bb1
Event: 4.086 Thread 0x000000001db51800 Implicit null exception at 0x0000000002fe42da to 0x0000000002fe7369
Event: 6.979 Thread 0x0000000002ba2800 Implicit null exception at 0x0000000003446d98 to 0x000000000344ba5d
Event: 8.301 Thread 0x000000001db42800 Implicit null exception at 0x0000000003248851 to 0x0000000003249c3d
Event: 9.560 Thread 0x000000001db4f800 Exception <a 'java/lang/ArrayIndexOutOfBoundsException': 18> (0x000000076dae0620) thrown at [D:\src\AOSP-openjdk-cygwin\jdk8u\hotspot\src\share\vm\interpreter\interpreterRuntime.cpp, line 366]
Event: 9.715 Thread 0x000000001db4f800 Exception <a 'java/lang/ArrayIndexOutOfBoundsException'> (0x000000076dae21a0) thrown at [D:\src\AOSP-openjdk-cygwin\jdk8u\hotspot\src\share\vm\runtime\sharedRuntime.cpp, line 605]
Event: 9.720 Thread 0x000000001db4f800 Exception <a 'java/lang/ArrayIndexOutOfBoundsException'> (0x000000076dae3488) thrown at [D:\src\AOSP-openjdk-cygwin\jdk8u\hotspot\src\share\vm\runtime\sharedRuntime.cpp, line 605]

Events (10 events):
Event: 12.223 Thread 0x000000001db42800 DEOPT PACKING pc=0x000000000305886d sp=0x000000001e4be8a0
Event: 12.223 Thread 0x000000001db42800 DEOPT UNPACKING pc=0x0000000002ce75bf sp=0x000000001e4be640 mode 0
Event: 12.572 Thread 0x000000001db4f800 DEOPT PACKING pc=0x000000000314db95 sp=0x000000001e6be930
Event: 12.572 Thread 0x000000001db4f800 DEOPT UNPACKING pc=0x0000000002ce75bf sp=0x000000001e6be668 mode 0
Event: 12.646 Executing VM operation: ParallelGCFailedAllocation
Event: 12.879 Executing VM operation: ParallelGCFailedAllocation done
Event: 13.041 Thread 0x000000001db50000 DEOPT PACKING pc=0x00000000032b8b78 sp=0x000000001e7be630
Event: 13.041 Thread 0x000000001db50000 DEOPT UNPACKING pc=0x0000000002ce75bf sp=0x000000001e7be3a8 mode 0
Event: 13.059 Thread 0x000000001db50000 DEOPT PACKING pc=0x00000000032e5f2a sp=0x000000001e7be300
Event: 13.059 Thread 0x000000001db50000 DEOPT UNPACKING pc=0x0000000002ce75bf sp=0x000000001e7be030 mode 0


Dynamic libraries:
0x00007ff692ed0000 - 0x00007ff692f01000 	C:\software\Android\Android Studio\jre\bin\java.exe
0x00007ffa07650000 - 0x00007ffa0782b000 	C:\WINDOWS\SYSTEM32\ntdll.dll
0x00007ffa06830000 - 0x00007ffa068de000 	C:\WINDOWS\System32\KERNEL32.DLL
0x00007ffa03fe0000 - 0x00007ffa04229000 	C:\WINDOWS\System32\KERNELBASE.dll
0x00007ffa07040000 - 0x00007ffa070e1000 	C:\WINDOWS\System32\ADVAPI32.dll
0x00007ffa075b0000 - 0x00007ffa0764d000 	C:\WINDOWS\System32\msvcrt.dll
0x00007ffa06fe0000 - 0x00007ffa07039000 	C:\WINDOWS\System32\sechost.dll
0x00007ffa06950000 - 0x00007ffa06a75000 	C:\WINDOWS\System32\RPCRT4.dll
0x00007ffa06a80000 - 0x00007ffa06bca000 	C:\WINDOWS\System32\USER32.dll
0x00007ffa043e0000 - 0x00007ffa043fe000 	C:\WINDOWS\System32\win32u.dll
0x00007ffa06bd0000 - 0x00007ffa06bf7000 	C:\WINDOWS\System32\GDI32.dll
0x00007ffa03db0000 - 0x00007ffa03f37000 	C:\WINDOWS\System32\gdi32full.dll
0x00007ffa03f40000 - 0x00007ffa03fda000 	C:\WINDOWS\System32\msvcp_win.dll
0x00007ffa04230000 - 0x00007ffa04326000 	C:\WINDOWS\System32\ucrtbase.dll
0x00007ff9f3230000 - 0x00007ff9f3497000 	C:\WINDOWS\WinSxS\amd64_microsoft.windows.common-controls_6595b64144ccf1df_6.0.15063.483_none_26002d27e7c744a2\COMCTL32.dll
0x00007ffa06cb0000 - 0x00007ffa06fa9000 	C:\WINDOWS\System32\combase.dll
0x00007ffa03d40000 - 0x00007ffa03daa000 	C:\WINDOWS\System32\bcryptPrimitives.dll
0x00007ffa06fb0000 - 0x00007ffa06fdd000 	C:\WINDOWS\System32\IMM32.DLL
0x0000000065840000 - 0x0000000065912000 	C:\software\Android\Android Studio\jre\jre\bin\msvcr100.dll
0x0000000064820000 - 0x000000006505e000 	C:\software\Android\Android Studio\jre\jre\bin\server\jvm.dll
0x00007ffa050f0000 - 0x00007ffa050f8000 	C:\WINDOWS\System32\PSAPI.DLL
0x00007ff9dc3a0000 - 0x00007ff9dc3a9000 	C:\WINDOWS\SYSTEM32\WSOCK32.dll
0x00007ffa068e0000 - 0x00007ffa0694c000 	C:\WINDOWS\System32\WS2_32.dll
0x00007ff9f6380000 - 0x00007ff9f63a3000 	C:\WINDOWS\SYSTEM32\WINMM.dll
0x00007ff9fa240000 - 0x00007ff9fa24a000 	C:\WINDOWS\SYSTEM32\VERSION.dll
0x00007ff9f6200000 - 0x00007ff9f622b000 	C:\WINDOWS\SYSTEM32\WINMMBASE.dll
0x00007ffa04390000 - 0x00007ffa043d9000 	C:\WINDOWS\System32\cfgmgr32.dll
0x00007ff9fee00000 - 0x00007ff9fee0f000 	C:\software\Android\Android Studio\jre\jre\bin\verify.dll
0x00007ff9f3140000 - 0x00007ff9f3169000 	C:\software\Android\Android Studio\jre\jre\bin\java.dll
0x00007ff9f4a40000 - 0x00007ff9f4a56000 	C:\software\Android\Android Studio\jre\jre\bin\zip.dll
0x00007ffa05100000 - 0x00007ffa06537000 	C:\WINDOWS\System32\SHELL32.dll
0x00007ffa06c00000 - 0x00007ffa06caa000 	C:\WINDOWS\System32\shcore.dll
0x00007ffa04400000 - 0x00007ffa04af1000 	C:\WINDOWS\System32\windows.storage.dll
0x00007ffa067c0000 - 0x00007ffa06811000 	C:\WINDOWS\System32\shlwapi.dll
0x00007ffa03b00000 - 0x00007ffa03b11000 	C:\WINDOWS\System32\kernel.appcore.dll
0x00007ffa03b20000 - 0x00007ffa03b6c000 	C:\WINDOWS\System32\powrprof.dll
0x00007ffa03ae0000 - 0x00007ffa03af5000 	C:\WINDOWS\System32\profapi.dll

VM Arguments:
jvm_args: -Djava.awt.headless=true -Xmx4g -Dfile.encoding=GBK -Duser.country=US -Duser.language=en -Duser.variant 
java_command: com.android.dx.command.Main --dex --force-jumbo --num-threads=4 --multi-dex --output D:\AndroidLearning\Uber\ParseStarterProject\build\intermediates\transforms\dex\debug\folders\1000\10\classes_0922c1ff85917eef48b61cdb369df43e41970f02 C:\Users\qiaoz\.android\build-cache\5f37cdf03143b34ae3c0e52570a7bcd44e2cb6c7\output\jars\classes.jar
java_class_path (initial): C:\software\Android\Sdk\build-tools\27.0.3\lib\dx.jar
Launcher Type: SUN_STANDARD

Environment Variables:
JAVA_HOME=C:\software\java\jdk1.8.0_121
CLASSPATH=.;C:\software\java\jdk1.8.0_121\lib;C:\software\java\jdk1.8.0_121\lib\tools.jar;C:\software\java\jdk1.8.0_121\lib\dt.jar
PATH=C:\software\java\jdk1.8.0_121\bin;C:\software\java\jdk1.8.0_121\jre\bin;C:\Python27;C:\software\GitHub\Git\cmd;C:\Windows\System32;C:\Program Files\MySQL\MySQL Server 5.7\bin;C:\Users\qiaoz\Desktop\ImportantJARs\apache-maven-3.2.2\bin;C:\software\Subversion\bin;C:\software\NodeJS\;C:\Program Files (x86)\Skype\Phone\;C:\Program Files (x86)\Common Files\Thunder Network\KanKan\Codecs;C:\Program Files (x86)\GtkSharp\2.12\bin;C:\software\Anaconda;C:\software\Anaconda\Library\mingw-w64\bin;C:\software\Anaconda\Library\usr\bin;C:\software\Anaconda\Library\bin;C:\software\Anaconda\Scripts;C:\Users\qiaoz\AppData\Local\Microsoft\WindowsApps;C:\Users\qiaoz\Desktop\ImportantJARs\apache-maven-3.2.2\bin;C:\Users\qiaoz\AppData\Roaming\npm;D:\NodeJS\npm_global;C:\software\Heroku\bin
USERNAME=qiaoz
OS=Windows_NT
PROCESSOR_IDENTIFIER=Intel64 Family 6 Model 69 Stepping 1, GenuineIntel



---------------  S Y S T E M  ---------------

OS: Windows 10.0 , 64 bit Build 15063 (10.0.15063.296)

CPU:total 4 (initial active 4) (2 cores per cpu, 2 threads per core) family 6 model 69 stepping 1, cmov, cx8, fxsr, mmx, sse, sse2, sse3, ssse3, sse4.1, sse4.2, popcnt, avx, avx2, aes, clmul, erms, lzcnt, ht, tsc, tscinvbit, bmi1, bmi2

Memory: 4k page, physical 8291408k(1558440k free), swap 10912716k(4648k free)

vm_info: OpenJDK 64-Bit Server VM (25.152-b01) for windows-amd64 JRE (1.8.0_152-release-915-b01), built by "builder" with MS VC++ 10.0 (VS2010)

time: Mon Jan 15 12:17:10 2018
elapsed time: 13 seconds (0d 0h 0m 13s)

