#
# There is insufficient memory for the Java Runtime Environment to continue.
# Native memory allocation (malloc) failed to allocate 32784 bytes for Chunk::new
# Possible reasons:
#   The system is out of physical RAM or swap space
#   In 32 bit mode, the process size limit was hit
# Possible solutions:
#   Reduce memory load on the system
#   Increase physical memory or swap space
#   Check if swap backing store is full
#   Use 64 bit Java on a 64 bit OS
#   Decrease Java heap size (-Xmx/-Xms)
#   Decrease number of Java threads
#   Decrease Java thread stack sizes (-Xss)
#   Set larger code cache with -XX:ReservedCodeCacheSize=
# This output file may be truncated or incomplete.
#
#  Out of Memory Error (allocation.cpp:390), pid=16076, tid=0x0000000000004b14
#
# JRE version: OpenJDK Runtime Environment (8.0_152-b01) (build 1.8.0_152-release-915-b01)
# Java VM: OpenJDK 64-Bit Server VM (25.152-b01 mixed mode windows-amd64 compressed oops)
# Failed to write core dump. Minidumps are not enabled by default on client versions of Windows
#

---------------  T H R E A D  ---------------

Current thread (0x000000001dbd0800):  JavaThread "C2 CompilerThread1" daemon [_thread_in_native, id=19220, stack(0x000000001e280000,0x000000001e380000)]

Stack: [0x000000001e280000,0x000000001e380000]
[error occurred during error reporting (printing stack bounds), id 0xc0000005]

Native frames: (J=compiled Java code, j=interpreted, Vv=VM code, C=native code)


Current CompileTask:
C2:   2284 1252       4       com.android.dx.rop.code.RopMethod::labelToPredecessors (54 bytes)


---------------  P R O C E S S  ---------------

Java Threads: ( => current thread )
  0x000000001de20000 JavaThread "pool-2-thread-4" [_thread_blocked, id=21064, stack(0x000000001ea80000,0x000000001eb80000)]
  0x000000001de1f000 JavaThread "pool-2-thread-3" [_thread_blocked, id=21060, stack(0x000000001e980000,0x000000001ea80000)]
  0x000000001de1e800 JavaThread "pool-2-thread-2" [_thread_blocked, id=21028, stack(0x000000001e880000,0x000000001e980000)]
  0x000000001de1b800 JavaThread "pool-3-thread-1" [_thread_blocked, id=20996, stack(0x000000001e780000,0x000000001e880000)]
  0x000000001de1b000 JavaThread "pool-2-thread-1" [_thread_in_Java, id=20992, stack(0x000000001e680000,0x000000001e780000)]
  0x000000001dbe0800 JavaThread "Service Thread" daemon [_thread_blocked, id=11160, stack(0x000000001e480000,0x000000001e580000)]
  0x000000001dbdb800 JavaThread "C1 CompilerThread2" daemon [_thread_blocked, id=20188, stack(0x000000001e380000,0x000000001e480000)]
=>0x000000001dbd0800 JavaThread "C2 CompilerThread1" daemon [_thread_in_native, id=19220, stack(0x000000001e280000,0x000000001e380000)]
  0x000000001c69a000 JavaThread "C2 CompilerThread0" daemon [_thread_blocked, id=19540, stack(0x000000001e180000,0x000000001e280000)]
  0x000000001c698000 JavaThread "Attach Listener" daemon [_thread_blocked, id=20248, stack(0x000000001e080000,0x000000001e180000)]
  0x000000001c64e000 JavaThread "Signal Dispatcher" daemon [_thread_blocked, id=20032, stack(0x000000001df80000,0x000000001e080000)]
  0x0000000002f65800 JavaThread "Finalizer" daemon [_thread_blocked, id=20632, stack(0x000000001d890000,0x000000001d990000)]
  0x0000000002f62000 JavaThread "Reference Handler" daemon [_thread_blocked, id=20612, stack(0x000000001d790000,0x000000001d890000)]
  0x0000000002e72800 JavaThread "main" [_thread_blocked, id=20548, stack(0x0000000002c70000,0x0000000002d70000)]

Other Threads:
  0x000000001c605000 VMThread [stack: 0x000000001d690000,0x000000001d790000] [id=20056]
  0x000000001dbe2000 WatcherThread [stack: 0x000000001e580000,0x000000001e680000] [id=16540]

VM state:not at safepoint (normal execution)

VM Mutex/Monitor currently owned by a thread:  ([mutex/lock_event])
[0x0000000002c6d550] Heap_lock - owner thread: 0x0000000002e72800

Heap:
 PSYoungGen      total 38400K, used 5849K [0x000000076ab00000, 0x000000076d580000, 0x00000007c0000000)
  eden space 33280K, 2% used [0x000000076ab00000,0x000000076abba648,0x000000076cb80000)
  from space 5120K, 99% used [0x000000076cb80000,0x000000076d07c0e8,0x000000076d080000)
  to   space 5120K, 0% used [0x000000076d080000,0x000000076d080000,0x000000076d580000)
 ParOldGen       total 87552K, used 1774K [0x00000006c0000000, 0x00000006c5580000, 0x000000076ab00000)
  object space 87552K, 2% used [0x00000006c0000000,0x00000006c01bb8c8,0x00000006c5580000)
 Metaspace       used 6179K, capacity 6960K, committed 7040K, reserved 1056768K
  class space    used 601K, capacity 616K, committed 640K, reserved 1048576K

Card table byte_map: [0x0000000012330000,0x0000000012b40000] byte_map_base: 0x000000000ed30000

Marking Bits: (ParMarkBitMap*) 0x0000000064fe3950
 Begin Bits: [0x00000000134a0000, 0x00000000174a0000)
 End Bits:   [0x00000000174a0000, 0x000000001b4a0000)

Polling page: 0x0000000000e20000

CodeCache: size=245760Kb used=4968Kb max_used=4979Kb free=240791Kb
 bounds [0x0000000002f70000, 0x0000000003460000, 0x0000000011f70000]
 total_blobs=1509 nmethods=1237 adapters=186
 compilation: enabled

Compilation events (10 events):
Event: 2.111 Thread 0x000000001dbd0800 nmethod 1215 0x0000000003443e50 code [0x0000000003444000, 0x00000000034449f8]
Event: 2.111 Thread 0x000000001dbd0800 1238   !   4       com.android.dx.rop.cst.StdConstantPool::get (24 bytes)
Event: 2.112 Thread 0x000000001dbd0800 nmethod 1238 0x000000000341d510 code [0x000000000341d640, 0x000000000341d6f8]
Event: 2.112 Thread 0x000000001dbd0800 1245       4       com.android.dx.rop.cst.StdConstantPool::set (123 bytes)
Event: 2.114 Thread 0x000000001dbdb800 nmethod 1237 0x000000000344c910 code [0x000000000344cdc0, 0x000000000344faf8]
Event: 2.114 Thread 0x000000001dbdb800 1236       3       com.android.dx.cf.direct.StdAttributeFactory::code (613 bytes)
Event: 2.115 Thread 0x000000001dbd0800 nmethod 1245 0x000000000344a7d0 code [0x000000000344a920, 0x000000000344abb8]
Event: 2.116 Thread 0x000000001dbd0800 1250       4       com.android.dx.ssa.SsaMethod$2::visitNonMoveInsn (6 bytes)
Event: 2.116 Thread 0x000000001dbd0800 nmethod 1250 0x00000000033eef10 code [0x00000000033ef060, 0x00000000033ef0e8]
Event: 2.277 Thread 0x000000001dbd0800 1252       4       com.android.dx.rop.code.RopMethod::labelToPredecessors (54 bytes)

GC Heap History (2 events):
Event: 2.239 GC heap before
{Heap before GC invocations=1 (full 0):
 PSYoungGen      total 38400K, used 33280K [0x000000076ab00000, 0x000000076d580000, 0x00000007c0000000)
  eden space 33280K, 100% used [0x000000076ab00000,0x000000076cb80000,0x000000076cb80000)
  from space 5120K, 0% used [0x000000076d080000,0x000000076d080000,0x000000076d580000)
  to   space 5120K, 0% used [0x000000076cb80000,0x000000076cb80000,0x000000076d080000)
 ParOldGen       total 87552K, used 0K [0x00000006c0000000, 0x00000006c5580000, 0x000000076ab00000)
  object space 87552K, 0% used [0x00000006c0000000,0x00000006c0000000,0x00000006c5580000)
 Metaspace       used 6177K, capacity 6960K, committed 7040K, reserved 1056768K
  class space    used 601K, capacity 616K, committed 640K, reserved 1048576K
Event: 2.275 GC heap after
Heap after GC invocations=1 (full 0):
 PSYoungGen      total 38400K, used 5104K [0x000000076ab00000, 0x000000076d580000, 0x00000007c0000000)
  eden space 33280K, 0% used [0x000000076ab00000,0x000000076ab00000,0x000000076cb80000)
  from space 5120K, 99% used [0x000000076cb80000,0x000000076d07c0e8,0x000000076d080000)
  to   space 5120K, 0% used [0x000000076d080000,0x000000076d080000,0x000000076d580000)
 ParOldGen       total 87552K, used 1774K [0x00000006c0000000, 0x00000006c5580000, 0x000000076ab00000)
  object space 87552K, 2% used [0x00000006c0000000,0x00000006c01bb8c8,0x00000006c5580000)
 Metaspace       used 6177K, capacity 6960K, committed 7040K, reserved 1056768K
  class space    used 601K, capacity 616K, committed 640K, reserved 1048576K
}

Deoptimization events (4 events):
Event: 0.715 Thread 0x0000000002e72800 Uncommon trap: reason=unstable_if action=reinterpret pc=0x00000000030c6068 method=java.lang.String.compareTo(Ljava/lang/String;)I @ 38
Event: 1.714 Thread 0x000000001de1b000 Uncommon trap: reason=null_check action=make_not_entrant pc=0x000000000325edf8 method=com.android.dx.ssa.SsaRenamer.getLocalForNewReg(I)Lcom/android/dx/rop/code/LocalItem; @ 19
Event: 1.743 Thread 0x000000001de1b000 Uncommon trap: reason=unstable_if action=reinterpret pc=0x00000000032d9e34 method=com.android.dx.rop.code.RegisterSpecSet.put(Lcom/android/dx/rop/code/RegisterSpec;)V @ 77
Event: 1.743 Thread 0x000000001de1b000 Uncommon trap: reason=unstable_if action=reinterpret pc=0x00000000032ef470 method=com.android.dx.rop.code.RegisterSpecSet.put(Lcom/android/dx/rop/code/RegisterSpec;)V @ 77

Classes redefined (0 events):
No events

Internal exceptions (3 events):
Event: 0.089 Thread 0x0000000002e72800 Exception <a 'java/lang/NoSuchMethodError': Method sun.misc.Unsafe.defineClass(Ljava/lang/String;[BII)Ljava/lang/Class; name or signature does not match> (0x000000076ab07ca8) thrown at [D:\src\AOSP-openjdk-cygwin\jdk8u\hotspot\src\share\vm\prims\jni.cpp, 
Event: 0.089 Thread 0x0000000002e72800 Exception <a 'java/lang/NoSuchMethodError': Method sun.misc.Unsafe.prefetchRead(Ljava/lang/Object;J)V name or signature does not match> (0x000000076ab07f90) thrown at [D:\src\AOSP-openjdk-cygwin\jdk8u\hotspot\src\share\vm\prims\jni.cpp, line 4011]
Event: 1.714 Thread 0x000000001de1b000 Implicit null exception at 0x000000000325be83 to 0x000000000325edb5

Events (10 events):
Event: 1.743 Thread 0x000000001de1b000 DEOPT PACKING pc=0x00000000032ef470 sp=0x000000001e77e870
Event: 1.743 Thread 0x000000001de1b000 DEOPT UNPACKING pc=0x0000000002fb556a sp=0x000000001e77e790 mode 2
Event: 1.758 loading class com/android/dx/dex/file/FieldAnnotationStruct
Event: 1.758 loading class com/android/dx/dex/file/FieldAnnotationStruct done
Event: 1.760 loading class com/android/dx/cf/code/SwitchList
Event: 1.760 loading class com/android/dx/cf/code/SwitchList done
Event: 2.052 loading class java/util/DualPivotQuicksort
Event: 2.052 loading class java/util/DualPivotQuicksort done
Event: 2.118 Executing VM operation: ParallelGCFailedAllocation
Event: 2.275 Executing VM operation: ParallelGCFailedAllocation done


Dynamic libraries:
0x00007ff692ed0000 - 0x00007ff692f01000 	C:\software\Android\Android Studio\jre\bin\java.exe
0x00007ffa07650000 - 0x00007ffa0782b000 	C:\WINDOWS\SYSTEM32\ntdll.dll
0x00007ffa06830000 - 0x00007ffa068de000 	C:\WINDOWS\System32\KERNEL32.DLL
0x00007ffa03fe0000 - 0x00007ffa04229000 	C:\WINDOWS\System32\KERNELBASE.dll
0x00007ffa07040000 - 0x00007ffa070e1000 	C:\WINDOWS\System32\ADVAPI32.dll
0x00007ffa075b0000 - 0x00007ffa0764d000 	C:\WINDOWS\System32\msvcrt.dll
0x00007ffa06fe0000 - 0x00007ffa07039000 	C:\WINDOWS\System32\sechost.dll
0x00007ffa06950000 - 0x00007ffa06a75000 	C:\WINDOWS\System32\RPCRT4.dll
0x00007ffa06a80000 - 0x00007ffa06bca000 	C:\WINDOWS\System32\USER32.dll
0x00007ffa043e0000 - 0x00007ffa043fe000 	C:\WINDOWS\System32\win32u.dll
0x00007ffa06bd0000 - 0x00007ffa06bf7000 	C:\WINDOWS\System32\GDI32.dll
0x00007ffa03db0000 - 0x00007ffa03f37000 	C:\WINDOWS\System32\gdi32full.dll
0x00007ffa03f40000 - 0x00007ffa03fda000 	C:\WINDOWS\System32\msvcp_win.dll
0x00007ffa04230000 - 0x00007ffa04326000 	C:\WINDOWS\System32\ucrtbase.dll
0x00007ff9f3230000 - 0x00007ff9f3497000 	C:\WINDOWS\WinSxS\amd64_microsoft.windows.common-controls_6595b64144ccf1df_6.0.15063.483_none_26002d27e7c744a2\COMCTL32.dll
0x00007ffa06cb0000 - 0x00007ffa06fa9000 	C:\WINDOWS\System32\combase.dll
0x00007ffa03d40000 - 0x00007ffa03daa000 	C:\WINDOWS\System32\bcryptPrimitives.dll
0x00007ffa06fb0000 - 0x00007ffa06fdd000 	C:\WINDOWS\System32\IMM32.DLL
0x0000000065840000 - 0x0000000065912000 	C:\software\Android\Android Studio\jre\jre\bin\msvcr100.dll
0x0000000064820000 - 0x000000006505e000 	C:\software\Android\Android Studio\jre\jre\bin\server\jvm.dll
0x00007ffa050f0000 - 0x00007ffa050f8000 	C:\WINDOWS\System32\PSAPI.DLL
0x00007ff9dc3a0000 - 0x00007ff9dc3a9000 	C:\WINDOWS\SYSTEM32\WSOCK32.dll
0x00007ffa068e0000 - 0x00007ffa0694c000 	C:\WINDOWS\System32\WS2_32.dll
0x00007ff9f6380000 - 0x00007ff9f63a3000 	C:\WINDOWS\SYSTEM32\WINMM.dll
0x00007ff9fa240000 - 0x00007ff9fa24a000 	C:\WINDOWS\SYSTEM32\VERSION.dll
0x00007ff9f6200000 - 0x00007ff9f622b000 	C:\WINDOWS\SYSTEM32\WINMMBASE.dll
0x00007ffa04390000 - 0x00007ffa043d9000 	C:\WINDOWS\System32\cfgmgr32.dll
0x00007ff9fee00000 - 0x00007ff9fee0f000 	C:\software\Android\Android Studio\jre\jre\bin\verify.dll
0x00007ff9f3140000 - 0x00007ff9f3169000 	C:\software\Android\Android Studio\jre\jre\bin\java.dll
0x00007ff9f4a40000 - 0x00007ff9f4a56000 	C:\software\Android\Android Studio\jre\jre\bin\zip.dll
0x00007ffa05100000 - 0x00007ffa06537000 	C:\WINDOWS\System32\SHELL32.dll
0x00007ffa06c00000 - 0x00007ffa06caa000 	C:\WINDOWS\System32\shcore.dll
0x00007ffa04400000 - 0x00007ffa04af1000 	C:\WINDOWS\System32\windows.storage.dll
0x00007ffa067c0000 - 0x00007ffa06811000 	C:\WINDOWS\System32\shlwapi.dll
0x00007ffa03b00000 - 0x00007ffa03b11000 	C:\WINDOWS\System32\kernel.appcore.dll
0x00007ffa03b20000 - 0x00007ffa03b6c000 	C:\WINDOWS\System32\powrprof.dll
0x00007ffa03ae0000 - 0x00007ffa03af5000 	C:\WINDOWS\System32\profapi.dll

VM Arguments:
jvm_args: -Djava.awt.headless=true -Xmx4g -Dfile.encoding=GBK -Duser.country=US -Duser.language=en -Duser.variant 
java_command: com.android.dx.command.Main --dex --force-jumbo --num-threads=4 --multi-dex --output D:\AndroidLearning\Uber\ParseStarterProject\build\intermediates\transforms\dex\debug\folders\1000\10\classes_4b9c9ddecbcf40258c40beee3ef415297ef11791 C:\Users\qiaoz\.android\build-cache\93751a14ac72e9bd3a8939b2ef11d16a7766f1ec\output\jars\classes.jar
java_class_path (initial): C:\software\Android\Sdk\build-tools\27.0.3\lib\dx.jar
Launcher Type: SUN_STANDARD

Environment Variables:
JAVA_HOME=C:\software\java\jdk1.8.0_121
CLASSPATH=.;C:\software\java\jdk1.8.0_121\lib;C:\software\java\jdk1.8.0_121\lib\tools.jar;C:\software\java\jdk1.8.0_121\lib\dt.jar
PATH=C:\software\java\jdk1.8.0_121\bin;C:\software\java\jdk1.8.0_121\jre\bin;C:\Python27;C:\software\GitHub\Git\cmd;C:\Windows\System32;C:\Program Files\MySQL\MySQL Server 5.7\bin;C:\Users\qiaoz\Desktop\ImportantJARs\apache-maven-3.2.2\bin;C:\software\Subversion\bin;C:\software\NodeJS\;C:\Program Files (x86)\Skype\Phone\;C:\Program Files (x86)\Common Files\Thunder Network\KanKan\Codecs;C:\Program Files (x86)\GtkSharp\2.12\bin;C:\software\Anaconda;C:\software\Anaconda\Library\mingw-w64\bin;C:\software\Anaconda\Library\usr\bin;C:\software\Anaconda\Library\bin;C:\software\Anaconda\Scripts;C:\Users\qiaoz\AppData\Local\Microsoft\WindowsApps;C:\Users\qiaoz\Desktop\ImportantJARs\apache-maven-3.2.2\bin;C:\Users\qiaoz\AppData\Roaming\npm;D:\NodeJS\npm_global;C:\software\Heroku\bin
USERNAME=qiaoz
OS=Windows_NT
PROCESSOR_IDENTIFIER=Intel64 Family 6 Model 69 Stepping 1, GenuineIntel



---------------  S Y S T E M  ---------------

OS: Windows 10.0 , 64 bit Build 15063 (10.0.15063.296)

CPU:total 4 (initial active 4) (2 cores per cpu, 2 threads per core) family 6 model 69 stepping 1, cmov, cx8, fxsr, mmx, sse, sse2, sse3, ssse3, sse4.1, sse4.2, popcnt, avx, avx2, aes, clmul, erms, lzcnt, ht, tsc, tscinvbit, bmi1, bmi2

Memory: 4k page, physical 8291408k(1627548k free), swap 10912716k(4964k free)

vm_info: OpenJDK 64-Bit Server VM (25.152-b01) for windows-amd64 JRE (1.8.0_152-release-915-b01), built by "builder" with MS VC++ 10.0 (VS2010)

time: Mon Jan 15 12:16:02 2018
elapsed time: 2 seconds (0d 0h 0m 2s)

