#
# There is insufficient memory for the Java Runtime Environment to continue.
# Native memory allocation (malloc) failed to allocate 583856 bytes for Chunk::new
# Possible reasons:
#   The system is out of physical RAM or swap space
#   In 32 bit mode, the process size limit was hit
# Possible solutions:
#   Reduce memory load on the system
#   Increase physical memory or swap space
#   Check if swap backing store is full
#   Use 64 bit Java on a 64 bit OS
#   Decrease Java heap size (-Xmx/-Xms)
#   Decrease number of Java threads
#   Decrease Java thread stack sizes (-Xss)
#   Set larger code cache with -XX:ReservedCodeCacheSize=
# This output file may be truncated or incomplete.
#
#  Out of Memory Error (allocation.cpp:390), pid=21872, tid=0x00000000000056c4
#
# JRE version: OpenJDK Runtime Environment (8.0_152-b01) (build 1.8.0_152-release-915-b01)
# Java VM: OpenJDK 64-Bit Server VM (25.152-b01 mixed mode windows-amd64 compressed oops)
# Failed to write core dump. Minidumps are not enabled by default on client versions of Windows
#

---------------  T H R E A D  ---------------

Current thread (0x000000001c3ae000):  JavaThread "C2 CompilerThread1" daemon [_thread_in_native, id=22212, stack(0x000000001ded0000,0x000000001dfd0000)]

Stack: [0x000000001ded0000,0x000000001dfd0000]
[error occurred during error reporting (printing stack bounds), id 0xc0000005]

Native frames: (J=compiled Java code, j=interpreted, Vv=VM code, C=native code)


Current CompileTask:
C2:   1790 1152   !   4       com.android.dx.cf.code.BytecodeArray::parseInstruction (2796 bytes)


---------------  P R O C E S S  ---------------

Java Threads: ( => current thread )
  0x000000001da41000 JavaThread "pool-2-thread-4" [_thread_in_Java, id=22396, stack(0x000000001e6d0000,0x000000001e7d0000)]
  0x000000001da3e000 JavaThread "pool-2-thread-3" [_thread_blocked, id=22392, stack(0x000000001e5d0000,0x000000001e6d0000)]
  0x000000001da3d800 JavaThread "pool-2-thread-2" [_thread_in_Java, id=22388, stack(0x000000001e4d0000,0x000000001e5d0000)]
  0x000000001da76800 JavaThread "pool-3-thread-1" [_thread_blocked, id=22384, stack(0x000000001e3d0000,0x000000001e4d0000)]
  0x000000001da3a800 JavaThread "pool-2-thread-1" [_thread_in_Java, id=22376, stack(0x000000001e2d0000,0x000000001e3d0000)]
  0x000000001d830000 JavaThread "Service Thread" daemon [_thread_blocked, id=22220, stack(0x000000001e0d0000,0x000000001e1d0000)]
  0x000000001d829800 JavaThread "C1 CompilerThread2" daemon [_thread_blocked, id=22216, stack(0x000000001dfd0000,0x000000001e0d0000)]
=>0x000000001c3ae000 JavaThread "C2 CompilerThread1" daemon [_thread_in_native, id=22212, stack(0x000000001ded0000,0x000000001dfd0000)]
  0x000000001c3ab000 JavaThread "C2 CompilerThread0" daemon [_thread_in_native, id=22200, stack(0x000000001ddd0000,0x000000001ded0000)]
  0x000000001c3a9800 JavaThread "Attach Listener" daemon [_thread_blocked, id=22196, stack(0x000000001dcd0000,0x000000001ddd0000)]
  0x000000001c35e000 JavaThread "Signal Dispatcher" daemon [_thread_blocked, id=22192, stack(0x000000001dbd0000,0x000000001dcd0000)]
  0x0000000002c7b000 JavaThread "Finalizer" daemon [_thread_blocked, id=22164, stack(0x000000001d5b0000,0x000000001d6b0000)]
  0x0000000002c72000 JavaThread "Reference Handler" daemon [_thread_blocked, id=22160, stack(0x000000001d4b0000,0x000000001d5b0000)]
  0x0000000002b82800 JavaThread "main" [_thread_in_vm, id=22040, stack(0x0000000002980000,0x0000000002a80000)]

Other Threads:
  0x000000001c315000 VMThread [stack: 0x000000001d3b0000,0x000000001d4b0000] [id=22140]
  0x000000001d831000 WatcherThread [stack: 0x000000001e1d0000,0x000000001e2d0000] [id=22224]

VM state:not at safepoint (normal execution)

VM Mutex/Monitor currently owned by a thread: None

Heap:
 PSYoungGen      total 38400K, used 13735K [0x000000076ab00000, 0x000000076f600000, 0x00000007c0000000)
  eden space 33280K, 25% used [0x000000076ab00000,0x000000076b36d3d8,0x000000076cb80000)
  from space 5120K, 99% used [0x000000076cb80000,0x000000076d07cb08,0x000000076d080000)
  to   space 5120K, 0% used [0x000000076f100000,0x000000076f100000,0x000000076f600000)
 ParOldGen       total 87552K, used 1870K [0x00000006c0000000, 0x00000006c5580000, 0x000000076ab00000)
  object space 87552K, 2% used [0x00000006c0000000,0x00000006c01d3930,0x00000006c5580000)
 Metaspace       used 6157K, capacity 6962K, committed 7040K, reserved 1056768K
  class space    used 595K, capacity 618K, committed 640K, reserved 1048576K

Card table byte_map: [0x0000000012040000,0x0000000012850000] byte_map_base: 0x000000000ea40000

Marking Bits: (ParMarkBitMap*) 0x0000000064fe3950
 Begin Bits: [0x00000000131b0000, 0x00000000171b0000)
 End Bits:   [0x00000000171b0000, 0x000000001b1b0000)

Polling page: 0x00000000024a0000

CodeCache: size=245760Kb used=4438Kb max_used=4453Kb free=241321Kb
 bounds [0x0000000002c80000, 0x00000000030f0000, 0x0000000011c80000]
 total_blobs=1397 nmethods=1123 adapters=188
 compilation: enabled

Compilation events (10 events):
Event: 1.723 Thread 0x000000001c3ab000 nmethod 1136 0x00000000030da810 code [0x00000000030da9a0, 0x00000000030db2b8]
Event: 1.723 Thread 0x000000001c3ab000 1150       4       com.android.dx.ssa.SsaBasicBlock::forEachPhiInsn (54 bytes)
Event: 1.732 Thread 0x000000001c3ae000 nmethod 1151 0x00000000030cae50 code [0x00000000030cafc0, 0x00000000030cb468]
Event: 1.732 Thread 0x000000001c3ae000 1152   !   4       com.android.dx.cf.code.BytecodeArray::parseInstruction (2796 bytes)
Event: 1.735 Thread 0x000000001c3ab000 nmethod 1150 0x00000000030d80d0 code [0x00000000030d8260, 0x00000000030d86c8]
Event: 1.735 Thread 0x000000001c3ab000 1073       4       com.android.dx.rop.code.Rop::isCommutative (60 bytes)
Event: 1.736 Thread 0x000000001c3ab000 nmethod 1073 0x0000000003049a10 code [0x0000000003049b40, 0x0000000003049bd8]
Event: 1.736 Thread 0x000000001c3ab000 1034       4       com.android.dx.ssa.back.LivenessAnalyzer::liveOutAtStatement (61 bytes)
Event: 1.764 Thread 0x000000001c3ab000 nmethod 1034 0x00000000030de510 code [0x00000000030de6e0, 0x00000000030df758]
Event: 1.764 Thread 0x000000001c3ab000 1153       4       com.android.dx.ssa.back.LivenessAnalyzer::run (231 bytes)

GC Heap History (2 events):
Event: 1.621 GC heap before
{Heap before GC invocations=1 (full 0):
 PSYoungGen      total 38400K, used 33280K [0x000000076ab00000, 0x000000076d580000, 0x00000007c0000000)
  eden space 33280K, 100% used [0x000000076ab00000,0x000000076cb80000,0x000000076cb80000)
  from space 5120K, 0% used [0x000000076d080000,0x000000076d080000,0x000000076d580000)
  to   space 5120K, 0% used [0x000000076cb80000,0x000000076cb80000,0x000000076d080000)
 ParOldGen       total 87552K, used 0K [0x00000006c0000000, 0x00000006c5580000, 0x000000076ab00000)
  object space 87552K, 0% used [0x00000006c0000000,0x00000006c0000000,0x00000006c5580000)
 Metaspace       used 6132K, capacity 6898K, committed 7040K, reserved 1056768K
  class space    used 595K, capacity 618K, committed 640K, reserved 1048576K
Event: 1.661 GC heap after
Heap after GC invocations=1 (full 0):
 PSYoungGen      total 38400K, used 5106K [0x000000076ab00000, 0x000000076f600000, 0x00000007c0000000)
  eden space 33280K, 0% used [0x000000076ab00000,0x000000076ab00000,0x000000076cb80000)
  from space 5120K, 99% used [0x000000076cb80000,0x000000076d07cb08,0x000000076d080000)
  to   space 5120K, 0% used [0x000000076f100000,0x000000076f100000,0x000000076f600000)
 ParOldGen       total 87552K, used 1870K [0x00000006c0000000, 0x00000006c5580000, 0x000000076ab00000)
  object space 87552K, 2% used [0x00000006c0000000,0x00000006c01d3930,0x00000006c5580000)
 Metaspace       used 6132K, capacity 6898K, committed 7040K, reserved 1056768K
  class space    used 595K, capacity 618K, committed 640K, reserved 1048576K
}

Deoptimization events (7 events):
Event: 0.929 Thread 0x000000001da3d800 Uncommon trap: reason=unstable_if action=reinterpret pc=0x0000000002e7db80 method=java.util.HashMap.getNode(ILjava/lang/Object;)Ljava/util/HashMap$Node; @ 62
Event: 1.081 Thread 0x000000001da3d800 Uncommon trap: reason=unstable_if action=reinterpret pc=0x0000000002e7ab34 method=java.util.BitSet.nextSetBit(I)I @ 87
Event: 1.089 Thread 0x000000001da3a800 Uncommon trap: reason=unstable_if action=reinterpret pc=0x0000000002f91d1c method=com.android.dx.rop.code.RegisterSpec.equals(ILcom/android/dx/rop/type/TypeBearer;Lcom/android/dx/rop/code/LocalItem;)Z @ 16
Event: 1.089 Thread 0x000000001da3a800 Uncommon trap: reason=unstable_if action=reinterpret pc=0x0000000002f5b630 method=com.android.dx.rop.code.RegisterSpec.equals(ILcom/android/dx/rop/type/TypeBearer;Lcom/android/dx/rop/code/LocalItem;)Z @ 16
Event: 1.090 Thread 0x0000000002b82800 Uncommon trap: reason=unstable_if action=reinterpret pc=0x0000000002f9c9d4 method=java.lang.String.<init>([CII)V @ 18
Event: 1.092 Thread 0x000000001da3a800 Uncommon trap: reason=unstable_if action=reinterpret pc=0x0000000002fd35d4 method=com.android.dx.rop.code.RegisterSpec.equals(ILcom/android/dx/rop/type/TypeBearer;Lcom/android/dx/rop/code/LocalItem;)Z @ 16
Event: 1.092 Thread 0x000000001da3a800 Uncommon trap: reason=unstable_if action=reinterpret pc=0x0000000002f072d0 method=java.util.HashMap.getNode(ILjava/lang/Object;)Ljava/util/HashMap$Node; @ 62

Classes redefined (0 events):
No events

Internal exceptions (2 events):
Event: 0.108 Thread 0x0000000002b82800 Exception <a 'java/lang/NoSuchMethodError': Method sun.misc.Unsafe.defineClass(Ljava/lang/String;[BII)Ljava/lang/Class; name or signature does not match> (0x000000076ab07ca8) thrown at [D:\src\AOSP-openjdk-cygwin\jdk8u\hotspot\src\share\vm\prims\jni.cpp, 
Event: 0.108 Thread 0x0000000002b82800 Exception <a 'java/lang/NoSuchMethodError': Method sun.misc.Unsafe.prefetchRead(Ljava/lang/Object;J)V name or signature does not match> (0x000000076ab07f90) thrown at [D:\src\AOSP-openjdk-cygwin\jdk8u\hotspot\src\share\vm\prims\jni.cpp, line 4011]

Events (10 events):
Event: 1.092 Thread 0x000000001da3a800 DEOPT UNPACKING pc=0x0000000002cc556a sp=0x000000001e3ce408 mode 2
Event: 1.092 Thread 0x000000001da3a800 Uncommon trap: trap_request=0xffffff65 fr.pc=0x0000000002f072d0
Event: 1.092 Thread 0x000000001da3a800 DEOPT PACKING pc=0x0000000002f072d0 sp=0x000000001e3ce610
Event: 1.092 Thread 0x000000001da3a800 DEOPT UNPACKING pc=0x0000000002cc556a sp=0x000000001e3ce540 mode 2
Event: 1.092 Thread 0x0000000002b82800 DEOPT PACKING pc=0x0000000002f9c9d4 sp=0x0000000002a7e7b0
Event: 1.092 Thread 0x0000000002b82800 DEOPT UNPACKING pc=0x0000000002cc556a sp=0x0000000002a7e6e0 mode 2
Event: 1.363 Executing VM operation: ForceSafepoint
Event: 1.483 Executing VM operation: ForceSafepoint done
Event: 1.583 Executing VM operation: ParallelGCFailedAllocation
Event: 1.661 Executing VM operation: ParallelGCFailedAllocation done


Dynamic libraries:
0x00007ff692ed0000 - 0x00007ff692f01000 	C:\software\Android\Android Studio\jre\bin\java.exe
0x00007ffa07650000 - 0x00007ffa0782b000 	C:\WINDOWS\SYSTEM32\ntdll.dll
0x00007ffa06830000 - 0x00007ffa068de000 	C:\WINDOWS\System32\KERNEL32.DLL
0x00007ffa03fe0000 - 0x00007ffa04229000 	C:\WINDOWS\System32\KERNELBASE.dll
0x00007ffa07040000 - 0x00007ffa070e1000 	C:\WINDOWS\System32\ADVAPI32.dll
0x00007ffa075b0000 - 0x00007ffa0764d000 	C:\WINDOWS\System32\msvcrt.dll
0x00007ffa06fe0000 - 0x00007ffa07039000 	C:\WINDOWS\System32\sechost.dll
0x00007ffa06950000 - 0x00007ffa06a75000 	C:\WINDOWS\System32\RPCRT4.dll
0x00007ffa06a80000 - 0x00007ffa06bca000 	C:\WINDOWS\System32\USER32.dll
0x00007ffa043e0000 - 0x00007ffa043fe000 	C:\WINDOWS\System32\win32u.dll
0x00007ffa06bd0000 - 0x00007ffa06bf7000 	C:\WINDOWS\System32\GDI32.dll
0x00007ffa03db0000 - 0x00007ffa03f37000 	C:\WINDOWS\System32\gdi32full.dll
0x00007ffa03f40000 - 0x00007ffa03fda000 	C:\WINDOWS\System32\msvcp_win.dll
0x00007ffa04230000 - 0x00007ffa04326000 	C:\WINDOWS\System32\ucrtbase.dll
0x00007ff9f3230000 - 0x00007ff9f3497000 	C:\WINDOWS\WinSxS\amd64_microsoft.windows.common-controls_6595b64144ccf1df_6.0.15063.483_none_26002d27e7c744a2\COMCTL32.dll
0x00007ffa06cb0000 - 0x00007ffa06fa9000 	C:\WINDOWS\System32\combase.dll
0x00007ffa03d40000 - 0x00007ffa03daa000 	C:\WINDOWS\System32\bcryptPrimitives.dll
0x00007ffa06fb0000 - 0x00007ffa06fdd000 	C:\WINDOWS\System32\IMM32.DLL
0x0000000065840000 - 0x0000000065912000 	C:\software\Android\Android Studio\jre\jre\bin\msvcr100.dll
0x0000000064820000 - 0x000000006505e000 	C:\software\Android\Android Studio\jre\jre\bin\server\jvm.dll
0x00007ffa050f0000 - 0x00007ffa050f8000 	C:\WINDOWS\System32\PSAPI.DLL
0x00007ff9dc3a0000 - 0x00007ff9dc3a9000 	C:\WINDOWS\SYSTEM32\WSOCK32.dll
0x00007ffa068e0000 - 0x00007ffa0694c000 	C:\WINDOWS\System32\WS2_32.dll
0x00007ff9f6380000 - 0x00007ff9f63a3000 	C:\WINDOWS\SYSTEM32\WINMM.dll
0x00007ff9fa240000 - 0x00007ff9fa24a000 	C:\WINDOWS\SYSTEM32\VERSION.dll
0x00007ff9f6200000 - 0x00007ff9f622b000 	C:\WINDOWS\SYSTEM32\WINMMBASE.dll
0x00007ffa04390000 - 0x00007ffa043d9000 	C:\WINDOWS\System32\cfgmgr32.dll
0x00007ff9fee00000 - 0x00007ff9fee0f000 	C:\software\Android\Android Studio\jre\jre\bin\verify.dll
0x00007ff9f3140000 - 0x00007ff9f3169000 	C:\software\Android\Android Studio\jre\jre\bin\java.dll
0x00007ff9f4a40000 - 0x00007ff9f4a56000 	C:\software\Android\Android Studio\jre\jre\bin\zip.dll
0x00007ffa05100000 - 0x00007ffa06537000 	C:\WINDOWS\System32\SHELL32.dll
0x00007ffa06c00000 - 0x00007ffa06caa000 	C:\WINDOWS\System32\shcore.dll
0x00007ffa04400000 - 0x00007ffa04af1000 	C:\WINDOWS\System32\windows.storage.dll
0x00007ffa067c0000 - 0x00007ffa06811000 	C:\WINDOWS\System32\shlwapi.dll
0x00007ffa03b00000 - 0x00007ffa03b11000 	C:\WINDOWS\System32\kernel.appcore.dll
0x00007ffa03b20000 - 0x00007ffa03b6c000 	C:\WINDOWS\System32\powrprof.dll
0x00007ffa03ae0000 - 0x00007ffa03af5000 	C:\WINDOWS\System32\profapi.dll

VM Arguments:
jvm_args: -Djava.awt.headless=true -Xmx4g -Dfile.encoding=GBK -Duser.country=US -Duser.language=en -Duser.variant 
java_command: com.android.dx.command.Main --dex --force-jumbo --num-threads=4 --multi-dex --output D:\AndroidLearning\Uber\ParseStarterProject\build\intermediates\transforms\dex\debug\folders\1000\10\classes_5cec0f2eba985cc04cb2bfe3ac37f26cfa48d331 C:\Users\qiaoz\.android\build-cache\b3a74625059c9ef13d3932e9fb4716b9dec2e8da\output\jars\classes.jar
java_class_path (initial): C:\software\Android\Sdk\build-tools\27.0.3\lib\dx.jar
Launcher Type: SUN_STANDARD

Environment Variables:
JAVA_HOME=C:\software\java\jdk1.8.0_121
CLASSPATH=.;C:\software\java\jdk1.8.0_121\lib;C:\software\java\jdk1.8.0_121\lib\tools.jar;C:\software\java\jdk1.8.0_121\lib\dt.jar
PATH=C:\software\java\jdk1.8.0_121\bin;C:\software\java\jdk1.8.0_121\jre\bin;C:\Python27;C:\software\GitHub\Git\cmd;C:\Windows\System32;C:\Program Files\MySQL\MySQL Server 5.7\bin;C:\Users\qiaoz\Desktop\ImportantJARs\apache-maven-3.2.2\bin;C:\software\Subversion\bin;C:\software\NodeJS\;C:\Program Files (x86)\Skype\Phone\;C:\Program Files (x86)\Common Files\Thunder Network\KanKan\Codecs;C:\Program Files (x86)\GtkSharp\2.12\bin;C:\software\Anaconda;C:\software\Anaconda\Library\mingw-w64\bin;C:\software\Anaconda\Library\usr\bin;C:\software\Anaconda\Library\bin;C:\software\Anaconda\Scripts;C:\Users\qiaoz\AppData\Local\Microsoft\WindowsApps;C:\Users\qiaoz\Desktop\ImportantJARs\apache-maven-3.2.2\bin;C:\Users\qiaoz\AppData\Roaming\npm;D:\NodeJS\npm_global;C:\software\Heroku\bin
USERNAME=qiaoz
OS=Windows_NT
PROCESSOR_IDENTIFIER=Intel64 Family 6 Model 69 Stepping 1, GenuineIntel



---------------  S Y S T E M  ---------------

OS: Windows 10.0 , 64 bit Build 15063 (10.0.15063.296)

CPU:total 4 (initial active 4) (2 cores per cpu, 2 threads per core) family 6 model 69 stepping 1, cmov, cx8, fxsr, mmx, sse, sse2, sse3, ssse3, sse4.1, sse4.2, popcnt, avx, avx2, aes, clmul, erms, lzcnt, ht, tsc, tscinvbit, bmi1, bmi2

Memory: 4k page, physical 8291408k(1753984k free), swap 10912716k(4452k free)

vm_info: OpenJDK 64-Bit Server VM (25.152-b01) for windows-amd64 JRE (1.8.0_152-release-915-b01), built by "builder" with MS VC++ 10.0 (VS2010)

time: Mon Jan 15 12:20:58 2018
elapsed time: 1 seconds (0d 0h 0m 1s)

