#
# There is insufficient memory for the Java Runtime Environment to continue.
# Native memory allocation (malloc) failed to allocate 32784 bytes for Chunk::new
# Possible reasons:
#   The system is out of physical RAM or swap space
#   In 32 bit mode, the process size limit was hit
# Possible solutions:
#   Reduce memory load on the system
#   Increase physical memory or swap space
#   Check if swap backing store is full
#   Use 64 bit Java on a 64 bit OS
#   Decrease Java heap size (-Xmx/-Xms)
#   Decrease number of Java threads
#   Decrease Java thread stack sizes (-Xss)
#   Set larger code cache with -XX:ReservedCodeCacheSize=
# This output file may be truncated or incomplete.
#
#  Out of Memory Error (allocation.cpp:390), pid=20920, tid=0x00000000000054ac
#
# JRE version: OpenJDK Runtime Environment (8.0_152-b01) (build 1.8.0_152-release-915-b01)
# Java VM: OpenJDK 64-Bit Server VM (25.152-b01 mixed mode windows-amd64 compressed oops)
# Failed to write core dump. Minidumps are not enabled by default on client versions of Windows
#

---------------  T H R E A D  ---------------

Current thread (0x000000001cc2a000):  JavaThread "C2 CompilerThread0" daemon [_thread_in_native, id=21676, stack(0x000000001e720000,0x000000001e820000)]

Stack: [0x000000001e720000,0x000000001e820000]
[error occurred during error reporting (printing stack bounds), id 0xc0000005]

Native frames: (J=compiled Java code, j=interpreted, Vv=VM code, C=native code)


Current CompileTask:
C2:   5897 1477       4       com.android.dx.ssa.SCCP::simulatePhi (169 bytes)


---------------  P R O C E S S  ---------------

Java Threads: ( => current thread )
  0x000000001e439000 JavaThread "pool-2-thread-4" [_thread_blocked, id=21792, stack(0x000000001f820000,0x000000001f920000)]
  0x000000001e435800 JavaThread "pool-2-thread-3" [_thread_blocked, id=21788, stack(0x000000001f720000,0x000000001f820000)]
  0x000000001e51e000 JavaThread "pool-2-thread-2" [_thread_blocked, id=21784, stack(0x000000001f620000,0x000000001f720000)]
  0x000000001e51b000 JavaThread "pool-3-thread-1" [_thread_blocked, id=21780, stack(0x000000001f520000,0x000000001f620000)]
  0x000000001e51a800 JavaThread "pool-2-thread-1" [_thread_blocked, id=21776, stack(0x000000001f420000,0x000000001f520000)]
  0x000000001e180800 JavaThread "Service Thread" daemon [_thread_blocked, id=21700, stack(0x000000001ea20000,0x000000001eb20000)]
  0x000000001e17c000 JavaThread "C1 CompilerThread2" daemon [_thread_blocked, id=21692, stack(0x000000001e920000,0x000000001ea20000)]
  0x000000001cc2c800 JavaThread "C2 CompilerThread1" daemon [_thread_in_native, id=21680, stack(0x000000001e820000,0x000000001e920000)]
=>0x000000001cc2a000 JavaThread "C2 CompilerThread0" daemon [_thread_in_native, id=21676, stack(0x000000001e720000,0x000000001e820000)]
  0x000000001cc28000 JavaThread "Attach Listener" daemon [_thread_blocked, id=21672, stack(0x000000001e620000,0x000000001e720000)]
  0x000000001cbde000 JavaThread "Signal Dispatcher" daemon [_thread_blocked, id=21668, stack(0x000000001e520000,0x000000001e620000)]
  0x00000000034a5800 JavaThread "Finalizer" daemon [_thread_blocked, id=21568, stack(0x000000001de30000,0x000000001df30000)]
  0x00000000034a2000 JavaThread "Reference Handler" daemon [_thread_blocked, id=21564, stack(0x000000001dd30000,0x000000001de30000)]
  0x00000000033b2800 JavaThread "main" [_thread_in_vm, id=13332, stack(0x0000000002e50000,0x0000000002f50000)]

Other Threads:
  0x000000001cb95000 VMThread [stack: 0x000000001dc30000,0x000000001dd30000] [id=21544]
  0x000000001e182000 WatcherThread [stack: 0x000000001eb20000,0x000000001ec20000] [id=21704]

VM state:not at safepoint (normal execution)

VM Mutex/Monitor currently owned by a thread: None

Heap:
 PSYoungGen      total 38400K, used 36286K [0x000000076ab00000, 0x000000076d580000, 0x00000007c0000000)
  eden space 33280K, 93% used [0x000000076ab00000,0x000000076c972060,0x000000076cb80000)
  from space 5120K, 99% used [0x000000076cb80000,0x000000076d07da40,0x000000076d080000)
  to   space 5120K, 0% used [0x000000076d080000,0x000000076d080000,0x000000076d580000)
 ParOldGen       total 87552K, used 1326K [0x00000006c0000000, 0x00000006c5580000, 0x000000076ab00000)
  object space 87552K, 1% used [0x00000006c0000000,0x00000006c014b928,0x00000006c5580000)
 Metaspace       used 6356K, capacity 7152K, committed 7296K, reserved 1056768K
  class space    used 598K, capacity 616K, committed 640K, reserved 1048576K

Card table byte_map: [0x0000000012870000,0x0000000013080000] byte_map_base: 0x000000000f270000

Marking Bits: (ParMarkBitMap*) 0x0000000064fe3950
 Begin Bits: [0x00000000139e0000, 0x00000000179e0000)
 End Bits:   [0x00000000179e0000, 0x000000001b9e0000)

Polling page: 0x0000000001320000

CodeCache: size=245760Kb used=6382Kb max_used=6382Kb free=239377Kb
 bounds [0x00000000034b0000, 0x0000000003b00000, 0x00000000124b0000]
 total_blobs=1778 nmethods=1506 adapters=185
 compilation: enabled

Compilation events (10 events):
Event: 5.860 Thread 0x000000001e17c000 1507       3       com.android.dx.cf.code.BasicBlocker::identifyBlocks (18 bytes)
Event: 5.860 Thread 0x000000001e17c000 nmethod 1507 0x0000000003ac1510 code [0x0000000003ac16a0, 0x0000000003ac18e8]
Event: 5.860 Thread 0x000000001e17c000 1508       3       com.android.dx.cf.code.BasicBlocker::<init> (79 bytes)
Event: 5.861 Thread 0x000000001e17c000 nmethod 1508 0x0000000003aee890 code [0x0000000003aeea60, 0x0000000003aef468]
Event: 5.861 Thread 0x000000001e17c000 1510       3       com.android.dx.cf.code.RopperMachine::<init> (134 bytes)
Event: 5.861 Thread 0x000000001e17c000 nmethod 1510 0x0000000003aef810 code [0x0000000003aefa00, 0x0000000003af0398]
Event: 5.861 Thread 0x000000001e17c000 1511       3       com.android.dx.cf.code.ValueAwareMachine::<init> (6 bytes)
Event: 5.862 Thread 0x000000001e17c000 nmethod 1511 0x0000000003ab15d0 code [0x0000000003ab1740, 0x0000000003ab18c8]
Event: 5.862 Thread 0x000000001e17c000 1512       3       com.android.dx.cf.code.BaseMachine::<init> (46 bytes)
Event: 5.862 Thread 0x000000001e17c000 nmethod 1512 0x0000000003ac44d0 code [0x0000000003ac4660, 0x0000000003ac4b18]

GC Heap History (2 events):
Event: 4.066 GC heap before
{Heap before GC invocations=1 (full 0):
 PSYoungGen      total 38400K, used 33280K [0x000000076ab00000, 0x000000076d580000, 0x00000007c0000000)
  eden space 33280K, 100% used [0x000000076ab00000,0x000000076cb80000,0x000000076cb80000)
  from space 5120K, 0% used [0x000000076d080000,0x000000076d080000,0x000000076d580000)
  to   space 5120K, 0% used [0x000000076cb80000,0x000000076cb80000,0x000000076d080000)
 ParOldGen       total 87552K, used 0K [0x00000006c0000000, 0x00000006c5580000, 0x000000076ab00000)
  object space 87552K, 0% used [0x00000006c0000000,0x00000006c0000000,0x00000006c5580000)
 Metaspace       used 6168K, capacity 6960K, committed 7040K, reserved 1056768K
  class space    used 598K, capacity 616K, committed 640K, reserved 1048576K
Event: 4.319 GC heap after
Heap after GC invocations=1 (full 0):
 PSYoungGen      total 38400K, used 5110K [0x000000076ab00000, 0x000000076d580000, 0x00000007c0000000)
  eden space 33280K, 0% used [0x000000076ab00000,0x000000076ab00000,0x000000076cb80000)
  from space 5120K, 99% used [0x000000076cb80000,0x000000076d07da40,0x000000076d080000)
  to   space 5120K, 0% used [0x000000076d080000,0x000000076d080000,0x000000076d580000)
 ParOldGen       total 87552K, used 1326K [0x00000006c0000000, 0x00000006c5580000, 0x000000076ab00000)
  object space 87552K, 1% used [0x00000006c0000000,0x00000006c014b928,0x00000006c5580000)
 Metaspace       used 6168K, capacity 6960K, committed 7040K, reserved 1056768K
  class space    used 598K, capacity 616K, committed 640K, reserved 1048576K
}

Deoptimization events (9 events):
Event: 2.946 Thread 0x000000001e51a800 Uncommon trap: reason=unstable_if action=reinterpret pc=0x00000000036f6c3c method=java.util.HashMap.getNode(ILjava/lang/Object;)Ljava/util/HashMap$Node; @ 129
Event: 3.203 Thread 0x000000001e435800 Uncommon trap: reason=unstable_if action=reinterpret pc=0x0000000003752838 method=java.util.BitSet.ensureCapacity(I)V @ 6
Event: 4.836 Thread 0x000000001e51e000 Uncommon trap: reason=unstable_if action=reinterpret pc=0x00000000039208cc method=com.android.dx.util.IntList.binarysearch(I)I @ 105
Event: 5.316 Thread 0x000000001e51e000 Uncommon trap: reason=bimorphic action=maybe_recompile pc=0x0000000003a4bf4c method=com.android.dx.cf.code.BytecodeArray.parseInstruction(ILcom/android/dx/cf/code/BytecodeArray$Visitor;)I @ 2281
Event: 5.316 Thread 0x000000001e51e000 Uncommon trap: reason=bimorphic action=maybe_recompile pc=0x0000000003a4bf4c method=com.android.dx.cf.code.BytecodeArray.parseInstruction(ILcom/android/dx/cf/code/BytecodeArray$Visitor;)I @ 2281
Event: 5.762 Thread 0x000000001e51e000 Uncommon trap: reason=class_check action=maybe_recompile pc=0x000000000395a1ec method=com.android.dx.ssa.SCCP.simulateBranch(Lcom/android/dx/ssa/SsaInsn;)V @ 145
Event: 5.762 Thread 0x000000001e51e000 Uncommon trap: reason=class_check action=maybe_recompile pc=0x000000000395a1ec method=com.android.dx.ssa.SCCP.simulateBranch(Lcom/android/dx/ssa/SsaInsn;)V @ 145
Event: 5.763 Thread 0x000000001e51e000 Uncommon trap: reason=class_check action=maybe_recompile pc=0x000000000395a1ec method=com.android.dx.ssa.SCCP.simulateBranch(Lcom/android/dx/ssa/SsaInsn;)V @ 145
Event: 5.763 Thread 0x000000001e51e000 Uncommon trap: reason=class_check action=maybe_recompile pc=0x000000000395a1ec method=com.android.dx.ssa.SCCP.simulateBranch(Lcom/android/dx/ssa/SsaInsn;)V @ 145

Classes redefined (0 events):
No events

Internal exceptions (2 events):
Event: 0.058 Thread 0x00000000033b2800 Exception <a 'java/lang/NoSuchMethodError': Method sun.misc.Unsafe.defineClass(Ljava/lang/String;[BII)Ljava/lang/Class; name or signature does not match> (0x000000076ab07ca8) thrown at [D:\src\AOSP-openjdk-cygwin\jdk8u\hotspot\src\share\vm\prims\jni.cpp, 
Event: 0.058 Thread 0x00000000033b2800 Exception <a 'java/lang/NoSuchMethodError': Method sun.misc.Unsafe.prefetchRead(Ljava/lang/Object;J)V name or signature does not match> (0x000000076ab07f90) thrown at [D:\src\AOSP-openjdk-cygwin\jdk8u\hotspot\src\share\vm\prims\jni.cpp, line 4011]

Events (10 events):
Event: 5.762 Thread 0x000000001e51e000 DEOPT PACKING pc=0x000000000395a1ec sp=0x000000001f71e670
Event: 5.762 Thread 0x000000001e51e000 DEOPT UNPACKING pc=0x00000000034f556a sp=0x000000001f71e638 mode 2
Event: 5.763 Thread 0x000000001e51e000 Uncommon trap: trap_request=0xffffffde fr.pc=0x000000000395a1ec
Event: 5.763 Thread 0x000000001e51e000 DEOPT PACKING pc=0x000000000395a1ec sp=0x000000001f71e6f0
Event: 5.763 Thread 0x000000001e51e000 DEOPT UNPACKING pc=0x00000000034f556a sp=0x000000001f71e6b8 mode 2
Event: 5.763 Thread 0x000000001e51e000 Uncommon trap: trap_request=0xffffffde fr.pc=0x000000000395a1ec
Event: 5.763 Thread 0x000000001e51e000 DEOPT PACKING pc=0x000000000395a1ec sp=0x000000001f71e670
Event: 5.763 Thread 0x000000001e51e000 DEOPT UNPACKING pc=0x00000000034f556a sp=0x000000001f71e638 mode 2
Event: 5.784 Executing VM operation: RevokeBias
Event: 5.784 Executing VM operation: RevokeBias done


Dynamic libraries:
0x00007ff692ed0000 - 0x00007ff692f01000 	C:\software\Android\Android Studio\jre\bin\java.exe
0x00007ffa07650000 - 0x00007ffa0782b000 	C:\WINDOWS\SYSTEM32\ntdll.dll
0x00007ffa06830000 - 0x00007ffa068de000 	C:\WINDOWS\System32\KERNEL32.DLL
0x00007ffa03fe0000 - 0x00007ffa04229000 	C:\WINDOWS\System32\KERNELBASE.dll
0x00007ffa07040000 - 0x00007ffa070e1000 	C:\WINDOWS\System32\ADVAPI32.dll
0x00007ffa075b0000 - 0x00007ffa0764d000 	C:\WINDOWS\System32\msvcrt.dll
0x00007ffa06fe0000 - 0x00007ffa07039000 	C:\WINDOWS\System32\sechost.dll
0x00007ffa06950000 - 0x00007ffa06a75000 	C:\WINDOWS\System32\RPCRT4.dll
0x00007ffa06a80000 - 0x00007ffa06bca000 	C:\WINDOWS\System32\USER32.dll
0x00007ffa043e0000 - 0x00007ffa043fe000 	C:\WINDOWS\System32\win32u.dll
0x00007ffa06bd0000 - 0x00007ffa06bf7000 	C:\WINDOWS\System32\GDI32.dll
0x00007ffa03db0000 - 0x00007ffa03f37000 	C:\WINDOWS\System32\gdi32full.dll
0x00007ffa03f40000 - 0x00007ffa03fda000 	C:\WINDOWS\System32\msvcp_win.dll
0x00007ffa04230000 - 0x00007ffa04326000 	C:\WINDOWS\System32\ucrtbase.dll
0x00007ff9f3230000 - 0x00007ff9f3497000 	C:\WINDOWS\WinSxS\amd64_microsoft.windows.common-controls_6595b64144ccf1df_6.0.15063.483_none_26002d27e7c744a2\COMCTL32.dll
0x00007ffa06cb0000 - 0x00007ffa06fa9000 	C:\WINDOWS\System32\combase.dll
0x00007ffa03d40000 - 0x00007ffa03daa000 	C:\WINDOWS\System32\bcryptPrimitives.dll
0x00007ffa06fb0000 - 0x00007ffa06fdd000 	C:\WINDOWS\System32\IMM32.DLL
0x0000000065840000 - 0x0000000065912000 	C:\software\Android\Android Studio\jre\jre\bin\msvcr100.dll
0x0000000064820000 - 0x000000006505e000 	C:\software\Android\Android Studio\jre\jre\bin\server\jvm.dll
0x00007ffa050f0000 - 0x00007ffa050f8000 	C:\WINDOWS\System32\PSAPI.DLL
0x00007ff9dc3a0000 - 0x00007ff9dc3a9000 	C:\WINDOWS\SYSTEM32\WSOCK32.dll
0x00007ffa068e0000 - 0x00007ffa0694c000 	C:\WINDOWS\System32\WS2_32.dll
0x00007ff9f6380000 - 0x00007ff9f63a3000 	C:\WINDOWS\SYSTEM32\WINMM.dll
0x00007ff9fa240000 - 0x00007ff9fa24a000 	C:\WINDOWS\SYSTEM32\VERSION.dll
0x00007ff9f6200000 - 0x00007ff9f622b000 	C:\WINDOWS\SYSTEM32\WINMMBASE.dll
0x00007ffa04390000 - 0x00007ffa043d9000 	C:\WINDOWS\System32\cfgmgr32.dll
0x00007ff9fee00000 - 0x00007ff9fee0f000 	C:\software\Android\Android Studio\jre\jre\bin\verify.dll
0x00007ff9f3140000 - 0x00007ff9f3169000 	C:\software\Android\Android Studio\jre\jre\bin\java.dll
0x00007ff9f4a40000 - 0x00007ff9f4a56000 	C:\software\Android\Android Studio\jre\jre\bin\zip.dll
0x00007ffa05100000 - 0x00007ffa06537000 	C:\WINDOWS\System32\SHELL32.dll
0x00007ffa06c00000 - 0x00007ffa06caa000 	C:\WINDOWS\System32\shcore.dll
0x00007ffa04400000 - 0x00007ffa04af1000 	C:\WINDOWS\System32\windows.storage.dll
0x00007ffa067c0000 - 0x00007ffa06811000 	C:\WINDOWS\System32\shlwapi.dll
0x00007ffa03b00000 - 0x00007ffa03b11000 	C:\WINDOWS\System32\kernel.appcore.dll
0x00007ffa03b20000 - 0x00007ffa03b6c000 	C:\WINDOWS\System32\powrprof.dll
0x00007ffa03ae0000 - 0x00007ffa03af5000 	C:\WINDOWS\System32\profapi.dll

VM Arguments:
jvm_args: -Djava.awt.headless=true -Xmx4g -Dfile.encoding=GBK -Duser.country=US -Duser.language=en -Duser.variant 
java_command: com.android.dx.command.Main --dex --force-jumbo --num-threads=4 --multi-dex --output D:\AndroidLearning\Uber\ParseStarterProject\build\intermediates\transforms\dex\debug\folders\1000\10\classes_86ba433e3c57ddd6a79d7a2ff6e0992ec78eaa3d C:\Users\qiaoz\.android\build-cache\05c9f51511e197994cf0448c6b7138954390a8be\output\jars\classes.jar
java_class_path (initial): C:\software\Android\Sdk\build-tools\27.0.3\lib\dx.jar
Launcher Type: SUN_STANDARD

Environment Variables:
JAVA_HOME=C:\software\java\jdk1.8.0_121
CLASSPATH=.;C:\software\java\jdk1.8.0_121\lib;C:\software\java\jdk1.8.0_121\lib\tools.jar;C:\software\java\jdk1.8.0_121\lib\dt.jar
PATH=C:\software\java\jdk1.8.0_121\bin;C:\software\java\jdk1.8.0_121\jre\bin;C:\Python27;C:\software\GitHub\Git\cmd;C:\Windows\System32;C:\Program Files\MySQL\MySQL Server 5.7\bin;C:\Users\qiaoz\Desktop\ImportantJARs\apache-maven-3.2.2\bin;C:\software\Subversion\bin;C:\software\NodeJS\;C:\Program Files (x86)\Skype\Phone\;C:\Program Files (x86)\Common Files\Thunder Network\KanKan\Codecs;C:\Program Files (x86)\GtkSharp\2.12\bin;C:\software\Anaconda;C:\software\Anaconda\Library\mingw-w64\bin;C:\software\Anaconda\Library\usr\bin;C:\software\Anaconda\Library\bin;C:\software\Anaconda\Scripts;C:\Users\qiaoz\AppData\Local\Microsoft\WindowsApps;C:\Users\qiaoz\Desktop\ImportantJARs\apache-maven-3.2.2\bin;C:\Users\qiaoz\AppData\Roaming\npm;D:\NodeJS\npm_global;C:\software\Heroku\bin
USERNAME=qiaoz
OS=Windows_NT
PROCESSOR_IDENTIFIER=Intel64 Family 6 Model 69 Stepping 1, GenuineIntel



---------------  S Y S T E M  ---------------

OS: Windows 10.0 , 64 bit Build 15063 (10.0.15063.296)

CPU:total 4 (initial active 4) (2 cores per cpu, 2 threads per core) family 6 model 69 stepping 1, cmov, cx8, fxsr, mmx, sse, sse2, sse3, ssse3, sse4.1, sse4.2, popcnt, avx, avx2, aes, clmul, erms, lzcnt, ht, tsc, tscinvbit, bmi1, bmi2

Memory: 4k page, physical 8291408k(1623752k free), swap 10912716k(3244k free)

vm_info: OpenJDK 64-Bit Server VM (25.152-b01) for windows-amd64 JRE (1.8.0_152-release-915-b01), built by "builder" with MS VC++ 10.0 (VS2010)

time: Mon Jan 15 12:20:55 2018
elapsed time: 5 seconds (0d 0h 0m 5s)

