#
# There is insufficient memory for the Java Runtime Environment to continue.
# Native memory allocation (malloc) failed to allocate 32744 bytes for ChunkPool::allocate
# Possible reasons:
#   The system is out of physical RAM or swap space
#   In 32 bit mode, the process size limit was hit
# Possible solutions:
#   Reduce memory load on the system
#   Increase physical memory or swap space
#   Check if swap backing store is full
#   Use 64 bit Java on a 64 bit OS
#   Decrease Java heap size (-Xmx/-Xms)
#   Decrease number of Java threads
#   Decrease Java thread stack sizes (-Xss)
#   Set larger code cache with -XX:ReservedCodeCacheSize=
# This output file may be truncated or incomplete.
#
#  Out of Memory Error (allocation.cpp:273), pid=21072, tid=0x000000000000552c
#
# JRE version: OpenJDK Runtime Environment (8.0_152-b01) (build 1.8.0_152-release-915-b01)
# Java VM: OpenJDK 64-Bit Server VM (25.152-b01 mixed mode windows-amd64 compressed oops)
# Failed to write core dump. Minidumps are not enabled by default on client versions of Windows
#

---------------  T H R E A D  ---------------

Current thread (0x000000001e382800):  JavaThread "pool-2-thread-2" [_thread_in_vm, id=21804, stack(0x000000001ed90000,0x000000001ee90000)]

Stack: [0x000000001ed90000,0x000000001ee90000]
[error occurred during error reporting (printing stack bounds), id 0xc0000005]

Native frames: (J=compiled Java code, j=interpreted, Vv=VM code, C=native code)

Java frames: (J=compiled Java code, j=interpreted, Vv=VM code)
j  java.lang.ClassLoader.defineClass1(Ljava/lang/String;[BIILjava/security/ProtectionDomain;Ljava/lang/String;)Ljava/lang/Class;+0
j  java.lang.ClassLoader.defineClass(Ljava/lang/String;[BIILjava/security/ProtectionDomain;)Ljava/lang/Class;+27
J 359 C1 java.net.URLClassLoader.defineClass(Ljava/lang/String;Lsun/misc/Resource;)Ljava/lang/Class; (142 bytes) @ 0x0000000003613dcc [0x0000000003612240+0x1b8c]
J 222 C1 java.net.URLClassLoader$1.run()Ljava/lang/Class; (63 bytes) @ 0x00000000035aa504 [0x00000000035aa220+0x2e4]
J 290 C1 java.net.URLClassLoader$1.run()Ljava/lang/Object; (5 bytes) @ 0x00000000035f068c [0x00000000035f0600+0x8c]
v  ~StubRoutines::call_stub
J 287  java.security.AccessController.doPrivileged(Ljava/security/PrivilegedExceptionAction;Ljava/security/AccessControlContext;)Ljava/lang/Object; (0 bytes) @ 0x00000000035e1ea6 [0x00000000035e1e40+0x66]
J 220 C1 java.net.URLClassLoader.findClass(Ljava/lang/String;)Ljava/lang/Class; (47 bytes) @ 0x00000000035ab194 [0x00000000035ab000+0x194]
J 173 C1 java.lang.ClassLoader.loadClass(Ljava/lang/String;Z)Ljava/lang/Class; (122 bytes) @ 0x000000000358adf4 [0x000000000358a480+0x974]
J 285 C1 sun.misc.Launcher$AppClassLoader.loadClass(Ljava/lang/String;Z)Ljava/lang/Class; (85 bytes) @ 0x00000000035ed24c [0x00000000035ec880+0x9cc]
J 284 C1 java.lang.ClassLoader.loadClass(Ljava/lang/String;)Ljava/lang/Class; (7 bytes) @ 0x00000000035ec48c [0x00000000035ec380+0x10c]
v  ~StubRoutines::call_stub
j  com.android.dx.dex.code.Dops.<clinit>()V+398
v  ~StubRoutines::call_stub
j  com.android.dx.dex.code.ZeroSizeInsn.<init>(Lcom/android/dx/rop/code/SourcePosition;)V+1
j  com.android.dx.dex.code.CodeAddress.<init>(Lcom/android/dx/rop/code/SourcePosition;Z)V+2
j  com.android.dx.dex.code.CodeAddress.<init>(Lcom/android/dx/rop/code/SourcePosition;)V+3
j  com.android.dx.dex.code.BlockAddresses.setupArrays(Lcom/android/dx/rop/code/RopMethod;)V+60
j  com.android.dx.dex.code.BlockAddresses.<init>(Lcom/android/dx/rop/code/RopMethod;)V+40
j  com.android.dx.dex.code.RopTranslator.<init>(Lcom/android/dx/rop/code/RopMethod;ILcom/android/dx/rop/code/LocalVariableInfo;ILcom/android/dx/dex/DexOptions;)V+31
j  com.android.dx.dex.code.RopTranslator.translate(Lcom/android/dx/rop/code/RopMethod;ILcom/android/dx/rop/code/LocalVariableInfo;ILcom/android/dx/dex/DexOptions;)Lcom/android/dx/dex/code/DalvCode;+10
j  com.android.dx.dex.cf.CfTranslator.processMethods(Lcom/android/dx/command/dexer/DxContext;Lcom/android/dx/cf/direct/DirectClassFile;Lcom/android/dx/dex/cf/CfOptions;Lcom/android/dx/dex/DexOptions;Lcom/android/dx/dex/file/ClassDefItem;Lcom/android/dx/dex/file/DexFile;)V+321
j  com.android.dx.dex.cf.CfTranslator.translate0(Lcom/android/dx/command/dexer/DxContext;Lcom/android/dx/cf/direct/DirectClassFile;[BLcom/android/dx/dex/cf/CfOptions;Lcom/android/dx/dex/DexOptions;Lcom/android/dx/dex/file/DexFile;)Lcom/android/dx/dex/file/ClassDefItem;+140
j  com.android.dx.dex.cf.CfTranslator.translate(Lcom/android/dx/command/dexer/DxContext;Lcom/android/dx/cf/direct/DirectClassFile;[BLcom/android/dx/dex/cf/CfOptions;Lcom/android/dx/dex/DexOptions;Lcom/android/dx/dex/file/DexFile;)Lcom/android/dx/dex/file/ClassDefItem;+8
j  com.android.dx.command.dexer.Main.translateClass([BLcom/android/dx/cf/direct/DirectClassFile;)Lcom/android/dx/dex/file/ClassDefItem;+24
j  com.android.dx.command.dexer.Main.access$2700(Lcom/android/dx/command/dexer/Main;[BLcom/android/dx/cf/direct/DirectClassFile;)Lcom/android/dx/dex/file/ClassDefItem;+3
j  com.android.dx.command.dexer.Main$ClassTranslatorTask.call()Lcom/android/dx/dex/file/ClassDefItem;+12
j  com.android.dx.command.dexer.Main$ClassTranslatorTask.call()Ljava/lang/Object;+1
j  java.util.concurrent.FutureTask.run()V+42
j  java.util.concurrent.ThreadPoolExecutor.runWorker(Ljava/util/concurrent/ThreadPoolExecutor$Worker;)V+95
j  java.util.concurrent.ThreadPoolExecutor$Worker.run()V+5
j  java.lang.Thread.run()V+11
v  ~StubRoutines::call_stub

---------------  P R O C E S S  ---------------

Java Threads: ( => current thread )
  0x000000001e323800 JavaThread "pool-2-thread-4" [_thread_blocked, id=21812, stack(0x000000001ef90000,0x000000001f090000)]
  0x000000001e323000 JavaThread "pool-2-thread-3" [_thread_blocked, id=21808, stack(0x000000001ee90000,0x000000001ef90000)]
=>0x000000001e382800 JavaThread "pool-2-thread-2" [_thread_in_vm, id=21804, stack(0x000000001ed90000,0x000000001ee90000)]
  0x000000001e37f800 JavaThread "pool-3-thread-1" [_thread_blocked, id=21800, stack(0x000000001ec90000,0x000000001ed90000)]
  0x000000001e311800 JavaThread "pool-2-thread-1" [_thread_blocked, id=21796, stack(0x000000001eb90000,0x000000001ec90000)]
  0x000000001e0f6800 JavaThread "Service Thread" daemon [_thread_blocked, id=21728, stack(0x000000001e990000,0x000000001ea90000)]
  0x000000001e0f3800 JavaThread "C1 CompilerThread2" daemon [_thread_blocked, id=21724, stack(0x000000001e890000,0x000000001e990000)]
  0x000000001e0dd000 JavaThread "C2 CompilerThread1" daemon [_thread_blocked, id=21720, stack(0x000000001e790000,0x000000001e890000)]
  0x000000001cb9a000 JavaThread "C2 CompilerThread0" daemon [_thread_blocked, id=21716, stack(0x000000001e690000,0x000000001e790000)]
  0x000000001cb98000 JavaThread "Attach Listener" daemon [_thread_blocked, id=21712, stack(0x000000001e590000,0x000000001e690000)]
  0x000000001cb4e000 JavaThread "Signal Dispatcher" daemon [_thread_blocked, id=21708, stack(0x000000001e490000,0x000000001e590000)]
  0x0000000003415800 JavaThread "Finalizer" daemon [_thread_blocked, id=21688, stack(0x000000001dda0000,0x000000001dea0000)]
  0x0000000003412000 JavaThread "Reference Handler" daemon [_thread_blocked, id=21684, stack(0x000000001dca0000,0x000000001dda0000)]
  0x0000000003322800 JavaThread "main" [_thread_blocked, id=21560, stack(0x0000000002d70000,0x0000000002e70000)]

Other Threads:
  0x000000001cb05000 VMThread [stack: 0x000000001dba0000,0x000000001dca0000] [id=21660]
  0x000000001e0f7800 WatcherThread [stack: 0x000000001ea90000,0x000000001eb90000] [id=21732]

VM state:not at safepoint (normal execution)

VM Mutex/Monitor currently owned by a thread: None

Heap:
 PSYoungGen      total 38400K, used 16666K [0x000000076ab00000, 0x000000076d580000, 0x00000007c0000000)
  eden space 33280K, 50% used [0x000000076ab00000,0x000000076bb46b60,0x000000076cb80000)
  from space 5120K, 0% used [0x000000076d080000,0x000000076d080000,0x000000076d580000)
  to   space 5120K, 0% used [0x000000076cb80000,0x000000076cb80000,0x000000076d080000)
 ParOldGen       total 87552K, used 0K [0x00000006c0000000, 0x00000006c5580000, 0x000000076ab00000)
  object space 87552K, 0% used [0x00000006c0000000,0x00000006c0000000,0x00000006c5580000)
 Metaspace       used 5390K, capacity 6288K, committed 6528K, reserved 1056768K
  class space    used 573K, capacity 584K, committed 640K, reserved 1048576K

Card table byte_map: [0x00000000127e0000,0x0000000012ff0000] byte_map_base: 0x000000000f1e0000

Marking Bits: (ParMarkBitMap*) 0x0000000064fe3950
 Begin Bits: [0x0000000013950000, 0x0000000017950000)
 End Bits:   [0x0000000017950000, 0x000000001b950000)

Polling page: 0x00000000015a0000

CodeCache: size=245760Kb used=2110Kb max_used=2111Kb free=243649Kb
 bounds [0x0000000003420000, 0x0000000003690000, 0x0000000012420000]
 total_blobs=700 nmethods=429 adapters=185
 compilation: enabled

Compilation events (10 events):
Event: 5.393 Thread 0x000000001e0f3800 nmethod 423 0x000000000362c790 code [0x000000000362c8e0, 0x000000000362ca70]
Event: 5.393 Thread 0x000000001e0f3800  424       1       com.android.dx.util.MutabilityControl::setImmutable (6 bytes)
Event: 5.393 Thread 0x000000001e0f3800 nmethod 424 0x000000000362cb50 code [0x000000000362cca0, 0x000000000362cdb0]
Event: 5.394 Thread 0x000000001e0dd000  425       4       java.util.concurrent.ConcurrentHashMap::casTabAt (20 bytes)
Event: 5.394 Thread 0x000000001e0dd000 nmethod 425 0x000000000362fa90 code [0x000000000362fbc0, 0x000000000362fc38]
Event: 5.895 Thread 0x000000001cb9a000  426       4       java.util.concurrent.ConcurrentHashMap::tabAt (21 bytes)
Event: 5.896 Thread 0x000000001cb9a000 nmethod 426 0x000000000362fc90 code [0x000000000362fdc0, 0x000000000362fe18]
Event: 5.896 Thread 0x000000001e0dd000  427       4       java.util.Arrays::copyOfRange (63 bytes)
Event: 5.899 Thread 0x000000001e0dd000 nmethod 427 0x000000000362dcd0 code [0x000000000362de20, 0x000000000362e038]
Event: 5.906 Thread 0x000000001e0f3800  429       3       java.util.jar.JarFile::getManifestFromReference (113 bytes)

GC Heap History (0 events):
No events

Deoptimization events (1 events):
Event: 0.805 Thread 0x0000000003322800 Uncommon trap: reason=unstable_if action=reinterpret pc=0x0000000003575568 method=java.lang.String.compareTo(Ljava/lang/String;)I @ 38

Classes redefined (0 events):
No events

Internal exceptions (2 events):
Event: 0.069 Thread 0x0000000003322800 Exception <a 'java/lang/NoSuchMethodError': Method sun.misc.Unsafe.defineClass(Ljava/lang/String;[BII)Ljava/lang/Class; name or signature does not match> (0x000000076ab07ca8) thrown at [D:\src\AOSP-openjdk-cygwin\jdk8u\hotspot\src\share\vm\prims\jni.cpp, 
Event: 0.069 Thread 0x0000000003322800 Exception <a 'java/lang/NoSuchMethodError': Method sun.misc.Unsafe.prefetchRead(Ljava/lang/Object;J)V name or signature does not match> (0x000000076ab07f90) thrown at [D:\src\AOSP-openjdk-cygwin\jdk8u\hotspot\src\share\vm\prims\jni.cpp, line 4011]

Events (10 events):
Event: 5.905 loading class com/android/dx/dex/code/form/Form32x
Event: 5.905 loading class com/android/dx/dex/code/form/Form32x done
Event: 5.906 loading class com/android/dx/dex/code/form/Form11x
Event: 5.906 loading class com/android/dx/dex/code/form/Form11x done
Event: 5.906 loading class com/android/dx/dex/code/form/Form11n
Event: 5.906 loading class com/android/dx/dex/code/form/Form11n done
Event: 5.907 loading class com/android/dx/dex/code/form/Form21s
Event: 5.907 loading class com/android/dx/dex/code/form/Form21s done
Event: 5.907 loading class com/android/dx/dex/code/form/Form31i
Event: 5.907 loading class com/android/dx/dex/code/form/Form31i done


Dynamic libraries:
0x00007ff692ed0000 - 0x00007ff692f01000 	C:\software\Android\Android Studio\jre\bin\java.exe
0x00007ffa07650000 - 0x00007ffa0782b000 	C:\WINDOWS\SYSTEM32\ntdll.dll
0x00007ffa06830000 - 0x00007ffa068de000 	C:\WINDOWS\System32\KERNEL32.DLL
0x00007ffa03fe0000 - 0x00007ffa04229000 	C:\WINDOWS\System32\KERNELBASE.dll
0x00007ffa07040000 - 0x00007ffa070e1000 	C:\WINDOWS\System32\ADVAPI32.dll
0x00007ffa075b0000 - 0x00007ffa0764d000 	C:\WINDOWS\System32\msvcrt.dll
0x00007ffa06fe0000 - 0x00007ffa07039000 	C:\WINDOWS\System32\sechost.dll
0x00007ffa06950000 - 0x00007ffa06a75000 	C:\WINDOWS\System32\RPCRT4.dll
0x00007ffa06a80000 - 0x00007ffa06bca000 	C:\WINDOWS\System32\USER32.dll
0x00007ffa043e0000 - 0x00007ffa043fe000 	C:\WINDOWS\System32\win32u.dll
0x00007ffa06bd0000 - 0x00007ffa06bf7000 	C:\WINDOWS\System32\GDI32.dll
0x00007ffa03db0000 - 0x00007ffa03f37000 	C:\WINDOWS\System32\gdi32full.dll
0x00007ffa03f40000 - 0x00007ffa03fda000 	C:\WINDOWS\System32\msvcp_win.dll
0x00007ffa04230000 - 0x00007ffa04326000 	C:\WINDOWS\System32\ucrtbase.dll
0x00007ff9f3230000 - 0x00007ff9f3497000 	C:\WINDOWS\WinSxS\amd64_microsoft.windows.common-controls_6595b64144ccf1df_6.0.15063.483_none_26002d27e7c744a2\COMCTL32.dll
0x00007ffa06cb0000 - 0x00007ffa06fa9000 	C:\WINDOWS\System32\combase.dll
0x00007ffa03d40000 - 0x00007ffa03daa000 	C:\WINDOWS\System32\bcryptPrimitives.dll
0x00007ffa06fb0000 - 0x00007ffa06fdd000 	C:\WINDOWS\System32\IMM32.DLL
0x0000000065840000 - 0x0000000065912000 	C:\software\Android\Android Studio\jre\jre\bin\msvcr100.dll
0x0000000064820000 - 0x000000006505e000 	C:\software\Android\Android Studio\jre\jre\bin\server\jvm.dll
0x00007ffa050f0000 - 0x00007ffa050f8000 	C:\WINDOWS\System32\PSAPI.DLL
0x00007ff9dc3a0000 - 0x00007ff9dc3a9000 	C:\WINDOWS\SYSTEM32\WSOCK32.dll
0x00007ffa068e0000 - 0x00007ffa0694c000 	C:\WINDOWS\System32\WS2_32.dll
0x00007ff9f6380000 - 0x00007ff9f63a3000 	C:\WINDOWS\SYSTEM32\WINMM.dll
0x00007ff9fa240000 - 0x00007ff9fa24a000 	C:\WINDOWS\SYSTEM32\VERSION.dll
0x00007ff9f6200000 - 0x00007ff9f622b000 	C:\WINDOWS\SYSTEM32\WINMMBASE.dll
0x00007ffa04390000 - 0x00007ffa043d9000 	C:\WINDOWS\System32\cfgmgr32.dll
0x00007ff9fee00000 - 0x00007ff9fee0f000 	C:\software\Android\Android Studio\jre\jre\bin\verify.dll
0x00007ff9f3140000 - 0x00007ff9f3169000 	C:\software\Android\Android Studio\jre\jre\bin\java.dll
0x00007ff9f4a40000 - 0x00007ff9f4a56000 	C:\software\Android\Android Studio\jre\jre\bin\zip.dll
0x00007ffa05100000 - 0x00007ffa06537000 	C:\WINDOWS\System32\SHELL32.dll
0x00007ffa06c00000 - 0x00007ffa06caa000 	C:\WINDOWS\System32\shcore.dll
0x00007ffa04400000 - 0x00007ffa04af1000 	C:\WINDOWS\System32\windows.storage.dll
0x00007ffa067c0000 - 0x00007ffa06811000 	C:\WINDOWS\System32\shlwapi.dll
0x00007ffa03b00000 - 0x00007ffa03b11000 	C:\WINDOWS\System32\kernel.appcore.dll
0x00007ffa03b20000 - 0x00007ffa03b6c000 	C:\WINDOWS\System32\powrprof.dll
0x00007ffa03ae0000 - 0x00007ffa03af5000 	C:\WINDOWS\System32\profapi.dll

VM Arguments:
jvm_args: -Djava.awt.headless=true -Xmx4g -Dfile.encoding=GBK -Duser.country=US -Duser.language=en -Duser.variant 
java_command: com.android.dx.command.Main --dex --force-jumbo --num-threads=4 --multi-dex --output D:\AndroidLearning\Uber\ParseStarterProject\build\intermediates\transforms\dex\debug\folders\1000\10\classes_4b9c9ddecbcf40258c40beee3ef415297ef11791 C:\Users\qiaoz\.android\build-cache\93751a14ac72e9bd3a8939b2ef11d16a7766f1ec\output\jars\classes.jar
java_class_path (initial): C:\software\Android\Sdk\build-tools\27.0.3\lib\dx.jar
Launcher Type: SUN_STANDARD

Environment Variables:
JAVA_HOME=C:\software\java\jdk1.8.0_121
CLASSPATH=.;C:\software\java\jdk1.8.0_121\lib;C:\software\java\jdk1.8.0_121\lib\tools.jar;C:\software\java\jdk1.8.0_121\lib\dt.jar
PATH=C:\software\java\jdk1.8.0_121\bin;C:\software\java\jdk1.8.0_121\jre\bin;C:\Python27;C:\software\GitHub\Git\cmd;C:\Windows\System32;C:\Program Files\MySQL\MySQL Server 5.7\bin;C:\Users\qiaoz\Desktop\ImportantJARs\apache-maven-3.2.2\bin;C:\software\Subversion\bin;C:\software\NodeJS\;C:\Program Files (x86)\Skype\Phone\;C:\Program Files (x86)\Common Files\Thunder Network\KanKan\Codecs;C:\Program Files (x86)\GtkSharp\2.12\bin;C:\software\Anaconda;C:\software\Anaconda\Library\mingw-w64\bin;C:\software\Anaconda\Library\usr\bin;C:\software\Anaconda\Library\bin;C:\software\Anaconda\Scripts;C:\Users\qiaoz\AppData\Local\Microsoft\WindowsApps;C:\Users\qiaoz\Desktop\ImportantJARs\apache-maven-3.2.2\bin;C:\Users\qiaoz\AppData\Roaming\npm;D:\NodeJS\npm_global;C:\software\Heroku\bin
USERNAME=qiaoz
OS=Windows_NT
PROCESSOR_IDENTIFIER=Intel64 Family 6 Model 69 Stepping 1, GenuineIntel



---------------  S Y S T E M  ---------------

OS: Windows 10.0 , 64 bit Build 15063 (10.0.15063.296)

CPU:total 4 (initial active 4) (2 cores per cpu, 2 threads per core) family 6 model 69 stepping 1, cmov, cx8, fxsr, mmx, sse, sse2, sse3, ssse3, sse4.1, sse4.2, popcnt, avx, avx2, aes, clmul, erms, lzcnt, ht, tsc, tscinvbit, bmi1, bmi2

Memory: 4k page, physical 8291408k(1620992k free), swap 10912716k(2484k free)

vm_info: OpenJDK 64-Bit Server VM (25.152-b01) for windows-amd64 JRE (1.8.0_152-release-915-b01), built by "builder" with MS VC++ 10.0 (VS2010)

time: Mon Jan 15 12:20:56 2018
elapsed time: 5 seconds (0d 0h 0m 5s)

